2020-09-22 09:51:50.0715||INFO|Microsoft.AspNetCore.DataProtection.KeyManagement.XmlKeyManager|User profile is available. Using 'C:\Users\bhavyaa.shah\AppData\Local\ASP.NET\DataProtection-Keys' as key repository and Windows DPAPI to encrypt keys at rest. 
2020-09-22 09:51:58.3595|1|INFO|Microsoft.AspNetCore.Hosting.Internal.WebHost|Request starting HTTP/1.1 GET http://localhost:44389/   
2020-09-22 09:51:58.3595|1|INFO|Microsoft.AspNetCore.Hosting.Internal.WebHost|Request starting HTTP/1.1 DEBUG http://localhost:62228/  0 
2020-09-22 09:51:59.6140|2|INFO|Microsoft.AspNetCore.Hosting.Internal.WebHost|Request finished in 1256.6049ms 200  
2020-09-22 09:52:02.4535|2|INFO|Microsoft.AspNetCore.Hosting.Internal.WebHost|Request finished in 4095.1436ms 301  
2020-09-22 09:52:02.6140|1|INFO|Microsoft.AspNetCore.Hosting.Internal.WebHost|Request starting HTTP/1.1 GET http://localhost:44389/index.html   
2020-09-22 09:52:04.0713|2|INFO|Microsoft.AspNetCore.Hosting.Internal.WebHost|Request finished in 1457.3273ms 200 text/html;charset=utf-8 
2020-09-22 09:52:04.4017|1|INFO|Microsoft.AspNetCore.Hosting.Internal.WebHost|Request starting HTTP/1.1 GET http://localhost:44389/swagger-ui-bundle.js   
2020-09-22 09:52:04.4017|1|INFO|Microsoft.AspNetCore.Hosting.Internal.WebHost|Request starting HTTP/1.1 GET http://localhost:44389/swagger-ui.css   
2020-09-22 09:52:04.5065|1|INFO|Microsoft.AspNetCore.Hosting.Internal.WebHost|Request starting HTTP/1.1 GET http://localhost:44389/swagger-ui-standalone-preset.js   
2020-09-22 09:52:05.7896|2|INFO|Microsoft.AspNetCore.StaticFiles.StaticFileMiddleware|Sending file. Request path: '/swagger-ui.css'. Physical path: 'N/A' 
2020-09-22 09:52:05.9787|2|INFO|Microsoft.AspNetCore.StaticFiles.StaticFileMiddleware|Sending file. Request path: '/swagger-ui-standalone-preset.js'. Physical path: 'N/A' 
2020-09-22 09:52:06.2836|2|INFO|Microsoft.AspNetCore.StaticFiles.StaticFileMiddleware|Sending file. Request path: '/swagger-ui-bundle.js'. Physical path: 'N/A' 
2020-09-22 09:52:06.3154|2|INFO|Microsoft.AspNetCore.Hosting.Internal.WebHost|Request finished in 1808.8989ms 200 application/javascript 
2020-09-22 09:52:06.3154|2|INFO|Microsoft.AspNetCore.Hosting.Internal.WebHost|Request finished in 1913.6726ms 200 application/javascript 
2020-09-22 09:52:06.3154|2|INFO|Microsoft.AspNetCore.Hosting.Internal.WebHost|Request finished in 1911.0266ms 200 text/css 
2020-09-22 09:52:07.9699|1|INFO|Microsoft.AspNetCore.Hosting.Internal.WebHost|Request starting HTTP/1.1 GET http://localhost:44389/swagger/v1/swagger.json   
2020-09-22 09:52:08.5195|2|INFO|Microsoft.AspNetCore.Hosting.Internal.WebHost|Request finished in 549.6038ms 200 application/json;charset=utf-8 
2020-09-22 09:55:00.7069|1|INFO|Microsoft.AspNetCore.Hosting.Internal.WebHost|Request starting HTTP/1.1 POST http://localhost:62228/api/auth/login application/json; charset=UTF-8 59 
2020-09-22 09:55:00.7353|2|INFO|Microsoft.AspNetCore.Hosting.Internal.WebHost|Request finished in 28.4095ms 307  
2020-09-22 09:55:00.7720|32|INFO|Microsoft.AspNetCore.Server.Kestrel|Connection id "0HM2ULS5LSON6", Request id "0HM2ULS5LSON6:00000001": the application completed without reading the entire request body. 
2020-09-22 09:55:00.8586|1|INFO|Microsoft.AspNetCore.Hosting.Internal.WebHost|Request starting HTTP/1.1 OPTIONS http://localhost:44389/api/auth/login   
2020-09-22 09:55:00.8636|4|INFO|Microsoft.AspNetCore.Cors.Infrastructure.CorsService|Policy execution successful. 
2020-09-22 09:55:00.8636|2|INFO|Microsoft.AspNetCore.Hosting.Internal.WebHost|Request finished in 8.0289ms 204  
2020-09-22 09:55:00.8636|1|INFO|Microsoft.AspNetCore.Hosting.Internal.WebHost|Request starting HTTP/1.1 POST http://localhost:44389/api/auth/login application/json; charset=UTF-8 59 
2020-09-22 09:55:00.8785|4|INFO|Microsoft.AspNetCore.Cors.Infrastructure.CorsService|Policy execution successful. 
2020-09-22 09:55:00.9541|3|INFO|Microsoft.AspNetCore.Mvc.Internal.ControllerActionInvoker|Route matched with {action = "Login", controller = "Auth"}. Executing controller action with signature System.Threading.Tasks.Task`1[Microsoft.AspNetCore.Mvc.IActionResult] Login(LeaseManagement.BusinessEntities.ViewModels.UserVM) on controller LeaseManagement.Authentication.Controllers.AuthController (LeaseManagement.Authentication). 
2020-09-22 09:55:01.7562|1|INFO|Microsoft.AspNetCore.Mvc.Internal.ControllerActionInvoker|Executing action method LeaseManagement.Authentication.Controllers.AuthController.Login (LeaseManagement.Authentication) - Validation state: Valid 
2020-09-22 09:55:02.7084|10403|INFO|Microsoft.EntityFrameworkCore.Infrastructure|Entity Framework Core 2.1.14-servicing-32113 initialized 'LeaseManagementDbContext' using provider 'Microsoft.EntityFrameworkCore.SqlServer' with options: None 
2020-09-22 09:55:02.9544|10103|WARN|Microsoft.EntityFrameworkCore.Query|Query: '(from UserVM <generated>_2 in DbSet<UserVM> select [<generated>_2]).FirstOrDefault()' uses First/FirstOrDefault/Last/LastOrDefault operation without OrderBy and filter which may lead to unpredictable results. 
2020-09-22 09:55:03.0376|20500|WARN|Microsoft.EntityFrameworkCore.Query|The LINQ expression 'FirstOrDefault()' could not be translated and will be evaluated locally. 
2020-09-22 09:55:03.7352|20101|INFO|Microsoft.EntityFrameworkCore.Database.Command|Executed DbCommand (87ms) [Parameters=[@email='?' (Size = 25), @password='?' (Size = 44)], CommandType='Text', CommandTimeout='30']
sp_GetUserWithValidCredential @email, @password 
2020-09-22 09:55:04.1140|2|INFO|Microsoft.AspNetCore.Mvc.Internal.ControllerActionInvoker|Executed action method LeaseManagement.Authentication.Controllers.AuthController.Login (LeaseManagement.Authentication), returned result Microsoft.AspNetCore.Mvc.OkObjectResult in 2351.3494ms. 
2020-09-22 09:55:04.1440|1|INFO|Microsoft.AspNetCore.Mvc.Infrastructure.ObjectResultExecutor|Executing ObjectResult, writing value of type '<>f__AnonymousType0`1[[System.String, System.Private.CoreLib, Version=4.0.0.0, Culture=neutral, PublicKeyToken=7cec85d7bea7798e]]'. 
2020-09-22 09:55:04.2013|2|INFO|Microsoft.AspNetCore.Mvc.Internal.ControllerActionInvoker|Executed action LeaseManagement.Authentication.Controllers.AuthController.Login (LeaseManagement.Authentication) in 3230.4287ms 
2020-09-22 09:55:04.2043|2|INFO|Microsoft.AspNetCore.Hosting.Internal.WebHost|Request finished in 3332.0434ms 200 application/json; charset=utf-8 
2020-09-22 09:56:07.0423|1|INFO|Microsoft.AspNetCore.Hosting.Internal.WebHost|Request starting HTTP/1.1 POST http://localhost:62228/api/auth/login application/json; charset=UTF-8 59 
2020-09-22 09:56:07.0423|2|INFO|Microsoft.AspNetCore.Hosting.Internal.WebHost|Request finished in 6.3741ms 307  
2020-09-22 09:56:07.0584|32|INFO|Microsoft.AspNetCore.Server.Kestrel|Connection id "0HM2ULS5LSON7", Request id "0HM2ULS5LSON7:00000001": the application completed without reading the entire request body. 
2020-09-22 09:56:07.0964|1|INFO|Microsoft.AspNetCore.Hosting.Internal.WebHost|Request starting HTTP/1.1 OPTIONS http://localhost:44389/api/auth/login   
2020-09-22 09:56:07.0988|4|INFO|Microsoft.AspNetCore.Cors.Infrastructure.CorsService|Policy execution successful. 
2020-09-22 09:56:07.0988|2|INFO|Microsoft.AspNetCore.Hosting.Internal.WebHost|Request finished in 6.3348ms 204  
2020-09-22 09:56:07.0988|1|INFO|Microsoft.AspNetCore.Hosting.Internal.WebHost|Request starting HTTP/1.1 POST http://localhost:44389/api/auth/login application/json; charset=UTF-8 59 
2020-09-22 09:56:07.0988|4|INFO|Microsoft.AspNetCore.Cors.Infrastructure.CorsService|Policy execution successful. 
2020-09-22 09:56:07.1151|3|INFO|Microsoft.AspNetCore.Mvc.Internal.ControllerActionInvoker|Route matched with {action = "Login", controller = "Auth"}. Executing controller action with signature System.Threading.Tasks.Task`1[Microsoft.AspNetCore.Mvc.IActionResult] Login(LeaseManagement.BusinessEntities.ViewModels.UserVM) on controller LeaseManagement.Authentication.Controllers.AuthController (LeaseManagement.Authentication). 
2020-09-22 09:56:07.1151|1|INFO|Microsoft.AspNetCore.Mvc.Internal.ControllerActionInvoker|Executing action method LeaseManagement.Authentication.Controllers.AuthController.Login (LeaseManagement.Authentication) - Validation state: Valid 
2020-09-22 09:56:07.1151|10403|INFO|Microsoft.EntityFrameworkCore.Infrastructure|Entity Framework Core 2.1.14-servicing-32113 initialized 'LeaseManagementDbContext' using provider 'Microsoft.EntityFrameworkCore.SqlServer' with options: None 
2020-09-22 09:56:07.1426|20101|INFO|Microsoft.EntityFrameworkCore.Database.Command|Executed DbCommand (5ms) [Parameters=[@email='?' (Size = 25), @password='?' (Size = 44)], CommandType='Text', CommandTimeout='30']
sp_GetUserWithValidCredential @email, @password 
2020-09-22 09:56:07.1472|2|INFO|Microsoft.AspNetCore.Mvc.Internal.ControllerActionInvoker|Executed action method LeaseManagement.Authentication.Controllers.AuthController.Login (LeaseManagement.Authentication), returned result Microsoft.AspNetCore.Mvc.OkObjectResult in 22.68ms. 
2020-09-22 09:56:07.1472|1|INFO|Microsoft.AspNetCore.Mvc.Infrastructure.ObjectResultExecutor|Executing ObjectResult, writing value of type '<>f__AnonymousType0`1[[System.String, System.Private.CoreLib, Version=4.0.0.0, Culture=neutral, PublicKeyToken=7cec85d7bea7798e]]'. 
2020-09-22 09:56:07.1472|2|INFO|Microsoft.AspNetCore.Mvc.Internal.ControllerActionInvoker|Executed action LeaseManagement.Authentication.Controllers.AuthController.Login (LeaseManagement.Authentication) in 41.2934ms 
2020-09-22 09:56:07.1633|2|INFO|Microsoft.AspNetCore.Hosting.Internal.WebHost|Request finished in 53.7556ms 200 application/json; charset=utf-8 
2020-09-22 10:27:51.2190|1|INFO|Microsoft.AspNetCore.Hosting.Internal.WebHost|Request starting HTTP/1.1 POST http://localhost:62228/api/auth/login application/json; charset=UTF-8 59 
2020-09-22 10:27:51.2537|2|INFO|Microsoft.AspNetCore.Hosting.Internal.WebHost|Request finished in 34.6715ms 307  
2020-09-22 10:27:51.2676|32|INFO|Microsoft.AspNetCore.Server.Kestrel|Connection id "0HM2ULS5LSON8", Request id "0HM2ULS5LSON8:00000001": the application completed without reading the entire request body. 
2020-09-22 10:27:51.3035|1|INFO|Microsoft.AspNetCore.Hosting.Internal.WebHost|Request starting HTTP/1.1 OPTIONS http://localhost:44389/api/auth/login   
2020-09-22 10:27:51.3035|4|INFO|Microsoft.AspNetCore.Cors.Infrastructure.CorsService|Policy execution successful. 
2020-09-22 10:27:51.3079|2|INFO|Microsoft.AspNetCore.Hosting.Internal.WebHost|Request finished in 4.4542ms 204  
2020-09-22 10:27:51.3079|1|INFO|Microsoft.AspNetCore.Hosting.Internal.WebHost|Request starting HTTP/1.1 POST http://localhost:44389/api/auth/login application/json; charset=UTF-8 59 
2020-09-22 10:27:51.3079|4|INFO|Microsoft.AspNetCore.Cors.Infrastructure.CorsService|Policy execution successful. 
2020-09-22 10:27:51.3079|3|INFO|Microsoft.AspNetCore.Mvc.Internal.ControllerActionInvoker|Route matched with {action = "Login", controller = "Auth"}. Executing controller action with signature System.Threading.Tasks.Task`1[Microsoft.AspNetCore.Mvc.IActionResult] Login(LeaseManagement.BusinessEntities.ViewModels.UserVM) on controller LeaseManagement.Authentication.Controllers.AuthController (LeaseManagement.Authentication). 
2020-09-22 10:27:51.3253|1|INFO|Microsoft.AspNetCore.Mvc.Internal.ControllerActionInvoker|Executing action method LeaseManagement.Authentication.Controllers.AuthController.Login (LeaseManagement.Authentication) - Validation state: Valid 
2020-09-22 10:27:51.3253|10403|INFO|Microsoft.EntityFrameworkCore.Infrastructure|Entity Framework Core 2.1.14-servicing-32113 initialized 'LeaseManagementDbContext' using provider 'Microsoft.EntityFrameworkCore.SqlServer' with options: None 
2020-09-22 10:27:51.3509|20101|INFO|Microsoft.EntityFrameworkCore.Database.Command|Executed DbCommand (4ms) [Parameters=[@email='?' (Size = 25), @password='?' (Size = 44)], CommandType='Text', CommandTimeout='30']
sp_GetUserWithValidCredential @email, @password 
2020-09-22 10:27:51.3509|2|INFO|Microsoft.AspNetCore.Mvc.Internal.ControllerActionInvoker|Executed action method LeaseManagement.Authentication.Controllers.AuthController.Login (LeaseManagement.Authentication), returned result Microsoft.AspNetCore.Mvc.OkObjectResult in 24.6472ms. 
2020-09-22 10:27:51.3541|1|INFO|Microsoft.AspNetCore.Mvc.Infrastructure.ObjectResultExecutor|Executing ObjectResult, writing value of type '<>f__AnonymousType0`1[[System.String, System.Private.CoreLib, Version=4.0.0.0, Culture=neutral, PublicKeyToken=7cec85d7bea7798e]]'. 
2020-09-22 10:27:51.3541|2|INFO|Microsoft.AspNetCore.Mvc.Internal.ControllerActionInvoker|Executed action LeaseManagement.Authentication.Controllers.AuthController.Login (LeaseManagement.Authentication) in 35.9656ms 
2020-09-22 10:27:51.3541|2|INFO|Microsoft.AspNetCore.Hosting.Internal.WebHost|Request finished in 48.206ms 200 application/json; charset=utf-8 
2020-09-22 11:11:40.1939|1|INFO|Microsoft.AspNetCore.Hosting.Internal.WebHost|Request starting HTTP/1.1 POST http://localhost:62228/api/auth/login application/json; charset=UTF-8 59 
2020-09-22 11:11:40.2432|2|INFO|Microsoft.AspNetCore.Hosting.Internal.WebHost|Request finished in 49.254ms 307  
2020-09-22 11:11:40.2701|32|INFO|Microsoft.AspNetCore.Server.Kestrel|Connection id "0HM2ULS5LSON9", Request id "0HM2ULS5LSON9:00000001": the application completed without reading the entire request body. 
2020-09-22 11:11:40.2967|1|INFO|Microsoft.AspNetCore.Hosting.Internal.WebHost|Request starting HTTP/1.1 OPTIONS http://localhost:44389/api/auth/login   
2020-09-22 11:11:40.3016|4|INFO|Microsoft.AspNetCore.Cors.Infrastructure.CorsService|Policy execution successful. 
2020-09-22 11:11:40.3016|2|INFO|Microsoft.AspNetCore.Hosting.Internal.WebHost|Request finished in 7.3925ms 204  
2020-09-22 11:11:40.3016|1|INFO|Microsoft.AspNetCore.Hosting.Internal.WebHost|Request starting HTTP/1.1 POST http://localhost:44389/api/auth/login application/json; charset=UTF-8 59 
2020-09-22 11:11:40.3141|4|INFO|Microsoft.AspNetCore.Cors.Infrastructure.CorsService|Policy execution successful. 
2020-09-22 11:11:40.3141|3|INFO|Microsoft.AspNetCore.Mvc.Internal.ControllerActionInvoker|Route matched with {action = "Login", controller = "Auth"}. Executing controller action with signature System.Threading.Tasks.Task`1[Microsoft.AspNetCore.Mvc.IActionResult] Login(LeaseManagement.BusinessEntities.ViewModels.UserVM) on controller LeaseManagement.Authentication.Controllers.AuthController (LeaseManagement.Authentication). 
2020-09-22 11:11:40.3141|1|INFO|Microsoft.AspNetCore.Mvc.Internal.ControllerActionInvoker|Executing action method LeaseManagement.Authentication.Controllers.AuthController.Login (LeaseManagement.Authentication) - Validation state: Valid 
2020-09-22 11:11:40.3141|10403|INFO|Microsoft.EntityFrameworkCore.Infrastructure|Entity Framework Core 2.1.14-servicing-32113 initialized 'LeaseManagementDbContext' using provider 'Microsoft.EntityFrameworkCore.SqlServer' with options: None 
2020-09-22 11:11:40.3496|20101|INFO|Microsoft.EntityFrameworkCore.Database.Command|Executed DbCommand (4ms) [Parameters=[@email='?' (Size = 25), @password='?' (Size = 44)], CommandType='Text', CommandTimeout='30']
sp_GetUserWithValidCredential @email, @password 
2020-09-22 11:11:40.3496|2|INFO|Microsoft.AspNetCore.Mvc.Internal.ControllerActionInvoker|Executed action method LeaseManagement.Authentication.Controllers.AuthController.Login (LeaseManagement.Authentication), returned result Microsoft.AspNetCore.Mvc.OkObjectResult in 30.6276ms. 
2020-09-22 11:11:40.3496|1|INFO|Microsoft.AspNetCore.Mvc.Infrastructure.ObjectResultExecutor|Executing ObjectResult, writing value of type '<>f__AnonymousType0`1[[System.String, System.Private.CoreLib, Version=4.0.0.0, Culture=neutral, PublicKeyToken=7cec85d7bea7798e]]'. 
2020-09-22 11:11:40.3496|2|INFO|Microsoft.AspNetCore.Mvc.Internal.ControllerActionInvoker|Executed action LeaseManagement.Authentication.Controllers.AuthController.Login (LeaseManagement.Authentication) in 40.5642ms 
2020-09-22 11:11:40.3655|2|INFO|Microsoft.AspNetCore.Hosting.Internal.WebHost|Request finished in 54.1992ms 200 application/json; charset=utf-8 
2020-09-22 11:30:03.2811|1|INFO|Microsoft.AspNetCore.Hosting.Internal.WebHost|Request starting HTTP/1.1 POST http://localhost:62228/api/auth/login application/json; charset=UTF-8 59 
2020-09-22 11:30:03.2811|2|INFO|Microsoft.AspNetCore.Hosting.Internal.WebHost|Request finished in 10.7942ms 307  
2020-09-22 11:30:03.2971|32|INFO|Microsoft.AspNetCore.Server.Kestrel|Connection id "0HM2ULS5LSONA", Request id "0HM2ULS5LSONA:00000001": the application completed without reading the entire request body. 
2020-09-22 11:30:03.3154|1|INFO|Microsoft.AspNetCore.Hosting.Internal.WebHost|Request starting HTTP/1.1 OPTIONS http://localhost:44389/api/auth/login   
2020-09-22 11:30:03.3154|4|INFO|Microsoft.AspNetCore.Cors.Infrastructure.CorsService|Policy execution successful. 
2020-09-22 11:30:03.3154|2|INFO|Microsoft.AspNetCore.Hosting.Internal.WebHost|Request finished in 7.8297ms 204  
2020-09-22 11:30:03.3335|1|INFO|Microsoft.AspNetCore.Hosting.Internal.WebHost|Request starting HTTP/1.1 POST http://localhost:44389/api/auth/login application/json; charset=UTF-8 59 
2020-09-22 11:30:03.3335|4|INFO|Microsoft.AspNetCore.Cors.Infrastructure.CorsService|Policy execution successful. 
2020-09-22 11:30:03.5251|2|INFO|Microsoft.AspNetCore.Authentication.JwtBearer.JwtBearerHandler|Successfully validated the token. 
2020-09-22 11:30:03.5251|3|INFO|Microsoft.AspNetCore.Mvc.Internal.ControllerActionInvoker|Route matched with {action = "Login", controller = "Auth"}. Executing controller action with signature System.Threading.Tasks.Task`1[Microsoft.AspNetCore.Mvc.IActionResult] Login(LeaseManagement.BusinessEntities.ViewModels.UserVM) on controller LeaseManagement.Authentication.Controllers.AuthController (LeaseManagement.Authentication). 
2020-09-22 11:30:03.5329|1|INFO|Microsoft.AspNetCore.Mvc.Internal.ControllerActionInvoker|Executing action method LeaseManagement.Authentication.Controllers.AuthController.Login (LeaseManagement.Authentication) - Validation state: Valid 
2020-09-22 11:30:03.5329|10403|INFO|Microsoft.EntityFrameworkCore.Infrastructure|Entity Framework Core 2.1.14-servicing-32113 initialized 'LeaseManagementDbContext' using provider 'Microsoft.EntityFrameworkCore.SqlServer' with options: None 
2020-09-22 11:30:03.5553|20101|INFO|Microsoft.EntityFrameworkCore.Database.Command|Executed DbCommand (5ms) [Parameters=[@email='?' (Size = 25), @password='?' (Size = 44)], CommandType='Text', CommandTimeout='30']
sp_GetUserWithValidCredential @email, @password 
2020-09-22 11:30:03.5641|2|INFO|Microsoft.AspNetCore.Mvc.Internal.ControllerActionInvoker|Executed action method LeaseManagement.Authentication.Controllers.AuthController.Login (LeaseManagement.Authentication), returned result Microsoft.AspNetCore.Mvc.BadRequestObjectResult in 29.0794ms. 
2020-09-22 11:30:03.5641|1|INFO|Microsoft.AspNetCore.Mvc.Infrastructure.ObjectResultExecutor|Executing ObjectResult, writing value of type 'LeaseManagement.BusinessEntities.ViewModels.ErrorMessageVM'. 
2020-09-22 11:30:03.5641|2|INFO|Microsoft.AspNetCore.Mvc.Internal.ControllerActionInvoker|Executed action LeaseManagement.Authentication.Controllers.AuthController.Login (LeaseManagement.Authentication) in 40.2429ms 
2020-09-22 11:30:03.5777|2|INFO|Microsoft.AspNetCore.Hosting.Internal.WebHost|Request finished in 244.1879ms 400 application/json; charset=utf-8 
2020-09-22 11:30:13.2251|1|INFO|Microsoft.AspNetCore.Hosting.Internal.WebHost|Request starting HTTP/1.1 POST http://localhost:62228/api/auth/login application/json; charset=UTF-8 59 
2020-09-22 11:30:13.2251|2|INFO|Microsoft.AspNetCore.Hosting.Internal.WebHost|Request finished in 2.7868ms 307  
2020-09-22 11:30:13.2251|32|INFO|Microsoft.AspNetCore.Server.Kestrel|Connection id "0HM2ULS5LSONA", Request id "0HM2ULS5LSONA:00000004": the application completed without reading the entire request body. 
2020-09-22 11:30:13.2502|1|INFO|Microsoft.AspNetCore.Hosting.Internal.WebHost|Request starting HTTP/1.1 OPTIONS http://localhost:44389/api/auth/login   
2020-09-22 11:30:13.2502|4|INFO|Microsoft.AspNetCore.Cors.Infrastructure.CorsService|Policy execution successful. 
2020-09-22 11:30:13.2502|2|INFO|Microsoft.AspNetCore.Hosting.Internal.WebHost|Request finished in 7.1853ms 204  
2020-09-22 11:30:13.2502|1|INFO|Microsoft.AspNetCore.Hosting.Internal.WebHost|Request starting HTTP/1.1 POST http://localhost:44389/api/auth/login application/json; charset=UTF-8 59 
2020-09-22 11:30:13.2667|4|INFO|Microsoft.AspNetCore.Cors.Infrastructure.CorsService|Policy execution successful. 
2020-09-22 11:30:13.2667|2|INFO|Microsoft.AspNetCore.Authentication.JwtBearer.JwtBearerHandler|Successfully validated the token. 
2020-09-22 11:30:13.2667|3|INFO|Microsoft.AspNetCore.Mvc.Internal.ControllerActionInvoker|Route matched with {action = "Login", controller = "Auth"}. Executing controller action with signature System.Threading.Tasks.Task`1[Microsoft.AspNetCore.Mvc.IActionResult] Login(LeaseManagement.BusinessEntities.ViewModels.UserVM) on controller LeaseManagement.Authentication.Controllers.AuthController (LeaseManagement.Authentication). 
2020-09-22 11:30:13.2667|1|INFO|Microsoft.AspNetCore.Mvc.Internal.ControllerActionInvoker|Executing action method LeaseManagement.Authentication.Controllers.AuthController.Login (LeaseManagement.Authentication) - Validation state: Valid 
2020-09-22 11:30:13.2814|10403|INFO|Microsoft.EntityFrameworkCore.Infrastructure|Entity Framework Core 2.1.14-servicing-32113 initialized 'LeaseManagementDbContext' using provider 'Microsoft.EntityFrameworkCore.SqlServer' with options: None 
2020-09-22 11:30:13.2814|20101|INFO|Microsoft.EntityFrameworkCore.Database.Command|Executed DbCommand (1ms) [Parameters=[@email='?' (Size = 25), @password='?' (Size = 44)], CommandType='Text', CommandTimeout='30']
sp_GetUserWithValidCredential @email, @password 
2020-09-22 11:30:13.2814|2|INFO|Microsoft.AspNetCore.Mvc.Internal.ControllerActionInvoker|Executed action method LeaseManagement.Authentication.Controllers.AuthController.Login (LeaseManagement.Authentication), returned result Microsoft.AspNetCore.Mvc.OkObjectResult in 12.8868ms. 
2020-09-22 11:30:13.2814|1|INFO|Microsoft.AspNetCore.Mvc.Infrastructure.ObjectResultExecutor|Executing ObjectResult, writing value of type '<>f__AnonymousType0`1[[System.String, System.Private.CoreLib, Version=4.0.0.0, Culture=neutral, PublicKeyToken=7cec85d7bea7798e]]'. 
2020-09-22 11:30:13.2814|2|INFO|Microsoft.AspNetCore.Mvc.Internal.ControllerActionInvoker|Executed action LeaseManagement.Authentication.Controllers.AuthController.Login (LeaseManagement.Authentication) in 20.6329ms 
2020-09-22 11:30:13.2983|2|INFO|Microsoft.AspNetCore.Hosting.Internal.WebHost|Request finished in 34.161ms 200 application/json; charset=utf-8 
2020-09-22 11:58:35.5806|1|INFO|Microsoft.AspNetCore.Hosting.Internal.WebHost|Request starting HTTP/1.1 POST http://localhost:62228/api/auth/login application/json; charset=UTF-8 59 
2020-09-22 11:58:35.5806|2|INFO|Microsoft.AspNetCore.Hosting.Internal.WebHost|Request finished in 8.6385ms 307  
2020-09-22 11:58:35.5999|32|INFO|Microsoft.AspNetCore.Server.Kestrel|Connection id "0HM2ULS5LSONB", Request id "0HM2ULS5LSONB:00000001": the application completed without reading the entire request body. 
2020-09-22 11:58:35.6355|1|INFO|Microsoft.AspNetCore.Hosting.Internal.WebHost|Request starting HTTP/1.1 OPTIONS http://localhost:44389/api/auth/login   
2020-09-22 11:58:35.6386|4|INFO|Microsoft.AspNetCore.Cors.Infrastructure.CorsService|Policy execution successful. 
2020-09-22 11:58:35.6386|2|INFO|Microsoft.AspNetCore.Hosting.Internal.WebHost|Request finished in 13.3032ms 204  
2020-09-22 11:58:35.6586|1|INFO|Microsoft.AspNetCore.Hosting.Internal.WebHost|Request starting HTTP/1.1 POST http://localhost:44389/api/auth/login application/json; charset=UTF-8 59 
2020-09-22 11:58:35.6586|4|INFO|Microsoft.AspNetCore.Cors.Infrastructure.CorsService|Policy execution successful. 
2020-09-22 11:58:35.6586|3|INFO|Microsoft.AspNetCore.Mvc.Internal.ControllerActionInvoker|Route matched with {action = "Login", controller = "Auth"}. Executing controller action with signature System.Threading.Tasks.Task`1[Microsoft.AspNetCore.Mvc.IActionResult] Login(LeaseManagement.BusinessEntities.ViewModels.UserVM) on controller LeaseManagement.Authentication.Controllers.AuthController (LeaseManagement.Authentication). 
2020-09-22 11:58:35.6712|1|INFO|Microsoft.AspNetCore.Mvc.Internal.ControllerActionInvoker|Executing action method LeaseManagement.Authentication.Controllers.AuthController.Login (LeaseManagement.Authentication) - Validation state: Valid 
2020-09-22 11:58:35.6712|10403|INFO|Microsoft.EntityFrameworkCore.Infrastructure|Entity Framework Core 2.1.14-servicing-32113 initialized 'LeaseManagementDbContext' using provider 'Microsoft.EntityFrameworkCore.SqlServer' with options: None 
2020-09-22 11:58:35.7059|20101|INFO|Microsoft.EntityFrameworkCore.Database.Command|Executed DbCommand (3ms) [Parameters=[@email='?' (Size = 25), @password='?' (Size = 44)], CommandType='Text', CommandTimeout='30']
sp_GetUserWithValidCredential @email, @password 
2020-09-22 11:58:35.7059|2|INFO|Microsoft.AspNetCore.Mvc.Internal.ControllerActionInvoker|Executed action method LeaseManagement.Authentication.Controllers.AuthController.Login (LeaseManagement.Authentication), returned result Microsoft.AspNetCore.Mvc.OkObjectResult in 34.5ms. 
2020-09-22 11:58:35.7059|1|INFO|Microsoft.AspNetCore.Mvc.Infrastructure.ObjectResultExecutor|Executing ObjectResult, writing value of type '<>f__AnonymousType0`1[[System.String, System.Private.CoreLib, Version=4.0.0.0, Culture=neutral, PublicKeyToken=7cec85d7bea7798e]]'. 
2020-09-22 11:58:35.7059|2|INFO|Microsoft.AspNetCore.Mvc.Internal.ControllerActionInvoker|Executed action LeaseManagement.Authentication.Controllers.AuthController.Login (LeaseManagement.Authentication) in 44.242ms 
2020-09-22 11:58:35.7166|2|INFO|Microsoft.AspNetCore.Hosting.Internal.WebHost|Request finished in 57.9812ms 200 application/json; charset=utf-8 
2020-09-22 11:59:39.2345|1|INFO|Microsoft.AspNetCore.Hosting.Internal.WebHost|Request starting HTTP/1.1 POST http://localhost:62228/api/auth/login application/json; charset=UTF-8 59 
2020-09-22 11:59:39.2396|2|INFO|Microsoft.AspNetCore.Hosting.Internal.WebHost|Request finished in 11.3192ms 307  
2020-09-22 11:59:39.2602|32|INFO|Microsoft.AspNetCore.Server.Kestrel|Connection id "0HM2ULS5LSONC", Request id "0HM2ULS5LSONC:00000001": the application completed without reading the entire request body. 
2020-09-22 11:59:39.2602|1|INFO|Microsoft.AspNetCore.Hosting.Internal.WebHost|Request starting HTTP/1.1 OPTIONS http://localhost:44389/api/auth/login   
2020-09-22 11:59:39.2732|4|INFO|Microsoft.AspNetCore.Cors.Infrastructure.CorsService|Policy execution successful. 
2020-09-22 11:59:39.2732|2|INFO|Microsoft.AspNetCore.Hosting.Internal.WebHost|Request finished in 7.1465ms 204  
2020-09-22 11:59:39.2732|1|INFO|Microsoft.AspNetCore.Hosting.Internal.WebHost|Request starting HTTP/1.1 POST http://localhost:44389/api/auth/login application/json; charset=UTF-8 59 
2020-09-22 11:59:39.2732|4|INFO|Microsoft.AspNetCore.Cors.Infrastructure.CorsService|Policy execution successful. 
2020-09-22 11:59:39.2904|3|INFO|Microsoft.AspNetCore.Mvc.Internal.ControllerActionInvoker|Route matched with {action = "Login", controller = "Auth"}. Executing controller action with signature System.Threading.Tasks.Task`1[Microsoft.AspNetCore.Mvc.IActionResult] Login(LeaseManagement.BusinessEntities.ViewModels.UserVM) on controller LeaseManagement.Authentication.Controllers.AuthController (LeaseManagement.Authentication). 
2020-09-22 11:59:39.2904|1|INFO|Microsoft.AspNetCore.Mvc.Internal.ControllerActionInvoker|Executing action method LeaseManagement.Authentication.Controllers.AuthController.Login (LeaseManagement.Authentication) - Validation state: Valid 
2020-09-22 11:59:39.2904|10403|INFO|Microsoft.EntityFrameworkCore.Infrastructure|Entity Framework Core 2.1.14-servicing-32113 initialized 'LeaseManagementDbContext' using provider 'Microsoft.EntityFrameworkCore.SqlServer' with options: None 
2020-09-22 11:59:39.3064|20101|INFO|Microsoft.EntityFrameworkCore.Database.Command|Executed DbCommand (4ms) [Parameters=[@email='?' (Size = 25), @password='?' (Size = 44)], CommandType='Text', CommandTimeout='30']
sp_GetUserWithValidCredential @email, @password 
2020-09-22 11:59:39.3064|2|INFO|Microsoft.AspNetCore.Mvc.Internal.ControllerActionInvoker|Executed action method LeaseManagement.Authentication.Controllers.AuthController.Login (LeaseManagement.Authentication), returned result Microsoft.AspNetCore.Mvc.OkObjectResult in 13.6825ms. 
2020-09-22 11:59:39.3064|1|INFO|Microsoft.AspNetCore.Mvc.Infrastructure.ObjectResultExecutor|Executing ObjectResult, writing value of type '<>f__AnonymousType0`1[[System.String, System.Private.CoreLib, Version=4.0.0.0, Culture=neutral, PublicKeyToken=7cec85d7bea7798e]]'. 
2020-09-22 11:59:39.3064|2|INFO|Microsoft.AspNetCore.Mvc.Internal.ControllerActionInvoker|Executed action LeaseManagement.Authentication.Controllers.AuthController.Login (LeaseManagement.Authentication) in 21.407ms 
2020-09-22 11:59:39.3175|2|INFO|Microsoft.AspNetCore.Hosting.Internal.WebHost|Request finished in 34.7977ms 200 application/json; charset=utf-8 
2020-09-22 12:01:05.9226|1|INFO|Microsoft.AspNetCore.Hosting.Internal.WebHost|Request starting HTTP/1.1 POST http://localhost:62228/api/auth/login application/json; charset=UTF-8 59 
2020-09-22 12:01:05.9630|2|INFO|Microsoft.AspNetCore.Hosting.Internal.WebHost|Request finished in 40.4396ms 307  
2020-09-22 12:01:05.9685|32|INFO|Microsoft.AspNetCore.Server.Kestrel|Connection id "0HM2ULS5LSOND", Request id "0HM2ULS5LSOND:00000001": the application completed without reading the entire request body. 
2020-09-22 12:01:06.0051|1|INFO|Microsoft.AspNetCore.Hosting.Internal.WebHost|Request starting HTTP/1.1 OPTIONS http://localhost:44389/api/auth/login   
2020-09-22 12:01:06.0051|4|INFO|Microsoft.AspNetCore.Cors.Infrastructure.CorsService|Policy execution successful. 
2020-09-22 12:01:06.0108|2|INFO|Microsoft.AspNetCore.Hosting.Internal.WebHost|Request finished in 5.7029ms 204  
2020-09-22 12:01:06.0108|1|INFO|Microsoft.AspNetCore.Hosting.Internal.WebHost|Request starting HTTP/1.1 POST http://localhost:44389/api/auth/login application/json; charset=UTF-8 59 
2020-09-22 12:01:06.0108|4|INFO|Microsoft.AspNetCore.Cors.Infrastructure.CorsService|Policy execution successful. 
2020-09-22 12:01:06.0108|3|INFO|Microsoft.AspNetCore.Mvc.Internal.ControllerActionInvoker|Route matched with {action = "Login", controller = "Auth"}. Executing controller action with signature System.Threading.Tasks.Task`1[Microsoft.AspNetCore.Mvc.IActionResult] Login(LeaseManagement.BusinessEntities.ViewModels.UserVM) on controller LeaseManagement.Authentication.Controllers.AuthController (LeaseManagement.Authentication). 
2020-09-22 12:01:06.0260|1|INFO|Microsoft.AspNetCore.Mvc.Internal.ControllerActionInvoker|Executing action method LeaseManagement.Authentication.Controllers.AuthController.Login (LeaseManagement.Authentication) - Validation state: Valid 
2020-09-22 12:01:06.0260|10403|INFO|Microsoft.EntityFrameworkCore.Infrastructure|Entity Framework Core 2.1.14-servicing-32113 initialized 'LeaseManagementDbContext' using provider 'Microsoft.EntityFrameworkCore.SqlServer' with options: None 
2020-09-22 12:01:06.0260|20101|INFO|Microsoft.EntityFrameworkCore.Database.Command|Executed DbCommand (3ms) [Parameters=[@email='?' (Size = 25), @password='?' (Size = 44)], CommandType='Text', CommandTimeout='30']
sp_GetUserWithValidCredential @email, @password 
2020-09-22 12:01:06.0432|2|INFO|Microsoft.AspNetCore.Mvc.Internal.ControllerActionInvoker|Executed action method LeaseManagement.Authentication.Controllers.AuthController.Login (LeaseManagement.Authentication), returned result Microsoft.AspNetCore.Mvc.OkObjectResult in 14.7775ms. 
2020-09-22 12:01:06.0432|1|INFO|Microsoft.AspNetCore.Mvc.Infrastructure.ObjectResultExecutor|Executing ObjectResult, writing value of type '<>f__AnonymousType0`1[[System.String, System.Private.CoreLib, Version=4.0.0.0, Culture=neutral, PublicKeyToken=7cec85d7bea7798e]]'. 
2020-09-22 12:01:06.0432|2|INFO|Microsoft.AspNetCore.Mvc.Internal.ControllerActionInvoker|Executed action LeaseManagement.Authentication.Controllers.AuthController.Login (LeaseManagement.Authentication) in 23.9864ms 
2020-09-22 12:01:06.0432|2|INFO|Microsoft.AspNetCore.Hosting.Internal.WebHost|Request finished in 36.9385ms 200 application/json; charset=utf-8 
2020-09-22 12:02:33.5142|1|INFO|Microsoft.AspNetCore.Hosting.Internal.WebHost|Request starting HTTP/1.1 POST http://localhost:62228/api/auth/login application/json; charset=UTF-8 59 
2020-09-22 12:02:33.5236|2|INFO|Microsoft.AspNetCore.Hosting.Internal.WebHost|Request finished in 9.4854ms 307  
2020-09-22 12:02:33.5422|32|INFO|Microsoft.AspNetCore.Server.Kestrel|Connection id "0HM2ULS5LSONE", Request id "0HM2ULS5LSONE:00000001": the application completed without reading the entire request body. 
2020-09-22 12:02:33.5571|1|INFO|Microsoft.AspNetCore.Hosting.Internal.WebHost|Request starting HTTP/1.1 OPTIONS http://localhost:44389/api/auth/login   
2020-09-22 12:02:33.5571|4|INFO|Microsoft.AspNetCore.Cors.Infrastructure.CorsService|Policy execution successful. 
2020-09-22 12:02:33.5634|2|INFO|Microsoft.AspNetCore.Hosting.Internal.WebHost|Request finished in 6.2939ms 204  
2020-09-22 12:02:33.5634|1|INFO|Microsoft.AspNetCore.Hosting.Internal.WebHost|Request starting HTTP/1.1 POST http://localhost:44389/api/auth/login application/json; charset=UTF-8 59 
2020-09-22 12:02:33.5777|4|INFO|Microsoft.AspNetCore.Cors.Infrastructure.CorsService|Policy execution successful. 
2020-09-22 12:02:33.5777|3|INFO|Microsoft.AspNetCore.Mvc.Internal.ControllerActionInvoker|Route matched with {action = "Login", controller = "Auth"}. Executing controller action with signature System.Threading.Tasks.Task`1[Microsoft.AspNetCore.Mvc.IActionResult] Login(LeaseManagement.BusinessEntities.ViewModels.UserVM) on controller LeaseManagement.Authentication.Controllers.AuthController (LeaseManagement.Authentication). 
2020-09-22 12:02:33.5777|1|INFO|Microsoft.AspNetCore.Mvc.Internal.ControllerActionInvoker|Executing action method LeaseManagement.Authentication.Controllers.AuthController.Login (LeaseManagement.Authentication) - Validation state: Valid 
2020-09-22 12:02:33.5777|10403|INFO|Microsoft.EntityFrameworkCore.Infrastructure|Entity Framework Core 2.1.14-servicing-32113 initialized 'LeaseManagementDbContext' using provider 'Microsoft.EntityFrameworkCore.SqlServer' with options: None 
2020-09-22 12:02:33.6013|20101|INFO|Microsoft.EntityFrameworkCore.Database.Command|Executed DbCommand (5ms) [Parameters=[@email='?' (Size = 25), @password='?' (Size = 44)], CommandType='Text', CommandTimeout='30']
sp_GetUserWithValidCredential @email, @password 
2020-09-22 12:02:33.6013|2|INFO|Microsoft.AspNetCore.Mvc.Internal.ControllerActionInvoker|Executed action method LeaseManagement.Authentication.Controllers.AuthController.Login (LeaseManagement.Authentication), returned result Microsoft.AspNetCore.Mvc.OkObjectResult in 16.1513ms. 
2020-09-22 12:02:33.6086|1|INFO|Microsoft.AspNetCore.Mvc.Infrastructure.ObjectResultExecutor|Executing ObjectResult, writing value of type '<>f__AnonymousType0`1[[System.String, System.Private.CoreLib, Version=4.0.0.0, Culture=neutral, PublicKeyToken=7cec85d7bea7798e]]'. 
2020-09-22 12:02:33.6086|2|INFO|Microsoft.AspNetCore.Mvc.Internal.ControllerActionInvoker|Executed action LeaseManagement.Authentication.Controllers.AuthController.Login (LeaseManagement.Authentication) in 25.8268ms 
2020-09-22 12:02:33.6086|2|INFO|Microsoft.AspNetCore.Hosting.Internal.WebHost|Request finished in 43.0504ms 200 application/json; charset=utf-8 
2020-09-22 12:02:42.3226|1|INFO|Microsoft.AspNetCore.Hosting.Internal.WebHost|Request starting HTTP/1.1 POST http://localhost:62228/api/auth/login application/json; charset=UTF-8 59 
2020-09-22 12:02:42.3226|2|INFO|Microsoft.AspNetCore.Hosting.Internal.WebHost|Request finished in 2.9333ms 307  
2020-09-22 12:02:42.3292|32|INFO|Microsoft.AspNetCore.Server.Kestrel|Connection id "0HM2ULS5LSONE", Request id "0HM2ULS5LSONE:00000004": the application completed without reading the entire request body. 
2020-09-22 12:02:42.3464|1|INFO|Microsoft.AspNetCore.Hosting.Internal.WebHost|Request starting HTTP/1.1 OPTIONS http://localhost:44389/api/auth/login   
2020-09-22 12:02:42.3464|4|INFO|Microsoft.AspNetCore.Cors.Infrastructure.CorsService|Policy execution successful. 
2020-09-22 12:02:42.3464|2|INFO|Microsoft.AspNetCore.Hosting.Internal.WebHost|Request finished in 8.2834ms 204  
2020-09-22 12:02:42.3610|1|INFO|Microsoft.AspNetCore.Hosting.Internal.WebHost|Request starting HTTP/1.1 POST http://localhost:44389/api/auth/login application/json; charset=UTF-8 59 
2020-09-22 12:02:42.3610|4|INFO|Microsoft.AspNetCore.Cors.Infrastructure.CorsService|Policy execution successful. 
2020-09-22 12:02:42.3610|3|INFO|Microsoft.AspNetCore.Mvc.Internal.ControllerActionInvoker|Route matched with {action = "Login", controller = "Auth"}. Executing controller action with signature System.Threading.Tasks.Task`1[Microsoft.AspNetCore.Mvc.IActionResult] Login(LeaseManagement.BusinessEntities.ViewModels.UserVM) on controller LeaseManagement.Authentication.Controllers.AuthController (LeaseManagement.Authentication). 
2020-09-22 12:02:42.3610|1|INFO|Microsoft.AspNetCore.Mvc.Internal.ControllerActionInvoker|Executing action method LeaseManagement.Authentication.Controllers.AuthController.Login (LeaseManagement.Authentication) - Validation state: Valid 
2020-09-22 12:02:42.3924|10403|INFO|Microsoft.EntityFrameworkCore.Infrastructure|Entity Framework Core 2.1.14-servicing-32113 initialized 'LeaseManagementDbContext' using provider 'Microsoft.EntityFrameworkCore.SqlServer' with options: None 
2020-09-22 12:02:42.3924|20101|INFO|Microsoft.EntityFrameworkCore.Database.Command|Executed DbCommand (3ms) [Parameters=[@email='?' (Size = 25), @password='?' (Size = 44)], CommandType='Text', CommandTimeout='30']
sp_GetUserWithValidCredential @email, @password 
2020-09-22 12:02:42.3924|2|INFO|Microsoft.AspNetCore.Mvc.Internal.ControllerActionInvoker|Executed action method LeaseManagement.Authentication.Controllers.AuthController.Login (LeaseManagement.Authentication), returned result Microsoft.AspNetCore.Mvc.OkObjectResult in 28.661ms. 
2020-09-22 12:02:42.4060|1|INFO|Microsoft.AspNetCore.Mvc.Infrastructure.ObjectResultExecutor|Executing ObjectResult, writing value of type '<>f__AnonymousType0`1[[System.String, System.Private.CoreLib, Version=4.0.0.0, Culture=neutral, PublicKeyToken=7cec85d7bea7798e]]'. 
2020-09-22 12:02:42.4060|2|INFO|Microsoft.AspNetCore.Mvc.Internal.ControllerActionInvoker|Executed action LeaseManagement.Authentication.Controllers.AuthController.Login (LeaseManagement.Authentication) in 37.3779ms 
2020-09-22 12:02:42.4060|2|INFO|Microsoft.AspNetCore.Hosting.Internal.WebHost|Request finished in 51.6177ms 200 application/json; charset=utf-8 
2020-09-22 12:23:31.5356|1|INFO|Microsoft.AspNetCore.Hosting.Internal.WebHost|Request starting HTTP/1.1 POST http://localhost:62228/api/auth/login application/json; charset=UTF-8 59 
2020-09-22 12:23:31.5515|2|INFO|Microsoft.AspNetCore.Hosting.Internal.WebHost|Request finished in 12.8955ms 307  
2020-09-22 12:23:31.5625|32|INFO|Microsoft.AspNetCore.Server.Kestrel|Connection id "0HM2ULS5LSONF", Request id "0HM2ULS5LSONF:00000001": the application completed without reading the entire request body. 
2020-09-22 12:23:31.5894|1|INFO|Microsoft.AspNetCore.Hosting.Internal.WebHost|Request starting HTTP/1.1 OPTIONS http://localhost:44389/api/auth/login   
2020-09-22 12:23:31.5894|4|INFO|Microsoft.AspNetCore.Cors.Infrastructure.CorsService|Policy execution successful. 
2020-09-22 12:23:31.5894|2|INFO|Microsoft.AspNetCore.Hosting.Internal.WebHost|Request finished in 7.3518ms 204  
2020-09-22 12:23:31.6064|1|INFO|Microsoft.AspNetCore.Hosting.Internal.WebHost|Request starting HTTP/1.1 POST http://localhost:44389/api/auth/login application/json; charset=UTF-8 59 
2020-09-22 12:23:31.6064|4|INFO|Microsoft.AspNetCore.Cors.Infrastructure.CorsService|Policy execution successful. 
2020-09-22 12:23:31.6064|3|INFO|Microsoft.AspNetCore.Mvc.Internal.ControllerActionInvoker|Route matched with {action = "Login", controller = "Auth"}. Executing controller action with signature System.Threading.Tasks.Task`1[Microsoft.AspNetCore.Mvc.IActionResult] Login(LeaseManagement.BusinessEntities.ViewModels.UserVM) on controller LeaseManagement.Authentication.Controllers.AuthController (LeaseManagement.Authentication). 
2020-09-22 12:23:31.6064|1|INFO|Microsoft.AspNetCore.Mvc.Internal.ControllerActionInvoker|Executing action method LeaseManagement.Authentication.Controllers.AuthController.Login (LeaseManagement.Authentication) - Validation state: Valid 
2020-09-22 12:23:31.6206|10403|INFO|Microsoft.EntityFrameworkCore.Infrastructure|Entity Framework Core 2.1.14-servicing-32113 initialized 'LeaseManagementDbContext' using provider 'Microsoft.EntityFrameworkCore.SqlServer' with options: None 
2020-09-22 12:23:31.6435|20101|INFO|Microsoft.EntityFrameworkCore.Database.Command|Executed DbCommand (3ms) [Parameters=[@email='?' (Size = 25), @password='?' (Size = 44)], CommandType='Text', CommandTimeout='30']
sp_GetUserWithValidCredential @email, @password 
2020-09-22 12:23:31.6435|2|INFO|Microsoft.AspNetCore.Mvc.Internal.ControllerActionInvoker|Executed action method LeaseManagement.Authentication.Controllers.AuthController.Login (LeaseManagement.Authentication), returned result Microsoft.AspNetCore.Mvc.OkObjectResult in 29.7425ms. 
2020-09-22 12:23:31.6503|1|INFO|Microsoft.AspNetCore.Mvc.Infrastructure.ObjectResultExecutor|Executing ObjectResult, writing value of type '<>f__AnonymousType0`1[[System.String, System.Private.CoreLib, Version=4.0.0.0, Culture=neutral, PublicKeyToken=7cec85d7bea7798e]]'. 
2020-09-22 12:23:31.6503|2|INFO|Microsoft.AspNetCore.Mvc.Internal.ControllerActionInvoker|Executed action LeaseManagement.Authentication.Controllers.AuthController.Login (LeaseManagement.Authentication) in 41.9648ms 
2020-09-22 12:23:31.6503|2|INFO|Microsoft.AspNetCore.Hosting.Internal.WebHost|Request finished in 55.147ms 200 application/json; charset=utf-8 
