2020-09-28 10:29:10.9922||INFO|Microsoft.AspNetCore.DataProtection.KeyManagement.XmlKeyManager|User profile is available. Using 'C:\Users\bhavyaa.shah\AppData\Local\ASP.NET\DataProtection-Keys' as key repository and Windows DPAPI to encrypt keys at rest. 
2020-09-28 10:29:14.0155|1|INFO|Microsoft.AspNetCore.Hosting.Internal.WebHost|Request starting HTTP/1.1 DEBUG http://localhost:62228/  0 
2020-09-28 10:29:14.0155|1|INFO|Microsoft.AspNetCore.Hosting.Internal.WebHost|Request starting HTTP/1.1 GET http://localhost:44389/   
2020-09-28 10:29:14.1620|2|INFO|Microsoft.AspNetCore.Hosting.Internal.WebHost|Request finished in 147.2685ms 200  
2020-09-28 10:29:15.5550|2|INFO|Microsoft.AspNetCore.Hosting.Internal.WebHost|Request finished in 1540.7993ms 301  
2020-09-28 10:29:15.6057|1|INFO|Microsoft.AspNetCore.Hosting.Internal.WebHost|Request starting HTTP/1.1 GET http://localhost:44389/index.html   
2020-09-28 10:29:16.2884|2|INFO|Microsoft.AspNetCore.Hosting.Internal.WebHost|Request finished in 682.7492ms 200 text/html;charset=utf-8 
2020-09-28 10:29:16.4475|1|INFO|Microsoft.AspNetCore.Hosting.Internal.WebHost|Request starting HTTP/1.1 GET http://localhost:44389/swagger-ui.css   
2020-09-28 10:29:16.4475|1|INFO|Microsoft.AspNetCore.Hosting.Internal.WebHost|Request starting HTTP/1.1 GET http://localhost:44389/swagger-ui-standalone-preset.js   
2020-09-28 10:29:16.4475|1|INFO|Microsoft.AspNetCore.Hosting.Internal.WebHost|Request starting HTTP/1.1 GET http://localhost:44389/swagger-ui-bundle.js   
2020-09-28 10:29:16.5691|2|INFO|Microsoft.AspNetCore.StaticFiles.StaticFileMiddleware|Sending file. Request path: '/swagger-ui.css'. Physical path: 'N/A' 
2020-09-28 10:29:16.5807|2|INFO|Microsoft.AspNetCore.StaticFiles.StaticFileMiddleware|Sending file. Request path: '/swagger-ui-bundle.js'. Physical path: 'N/A' 
2020-09-28 10:29:16.5953|2|INFO|Microsoft.AspNetCore.StaticFiles.StaticFileMiddleware|Sending file. Request path: '/swagger-ui-standalone-preset.js'. Physical path: 'N/A' 
2020-09-28 10:29:16.7166|2|INFO|Microsoft.AspNetCore.Hosting.Internal.WebHost|Request finished in 268.5802ms 200 application/javascript 
2020-09-28 10:29:16.7166|2|INFO|Microsoft.AspNetCore.Hosting.Internal.WebHost|Request finished in 268.4639ms 200 application/javascript 
2020-09-28 10:29:16.7166|2|INFO|Microsoft.AspNetCore.Hosting.Internal.WebHost|Request finished in 269.2917ms 200 text/css 
2020-09-28 10:29:17.5450|1|INFO|Microsoft.AspNetCore.Hosting.Internal.WebHost|Request starting HTTP/1.1 GET http://localhost:44389/swagger/v1/swagger.json   
2020-09-28 10:29:18.1642|2|INFO|Microsoft.AspNetCore.Hosting.Internal.WebHost|Request finished in 619.1386ms 200 application/json;charset=utf-8 
2020-09-28 10:30:48.7808|1|INFO|Microsoft.AspNetCore.Hosting.Internal.WebHost|Request starting HTTP/1.1 POST http://localhost:62228/api/auth/login application/json; charset=UTF-8 59 
2020-09-28 10:30:48.8074|2|INFO|Microsoft.AspNetCore.Hosting.Internal.WebHost|Request finished in 26.6475ms 307  
2020-09-28 10:30:48.8287|32|INFO|Microsoft.AspNetCore.Server.Kestrel|Connection id "0HM33DCVB0S7U", Request id "0HM33DCVB0S7U:00000001": the application completed without reading the entire request body. 
2020-09-28 10:30:48.9541|1|INFO|Microsoft.AspNetCore.Hosting.Internal.WebHost|Request starting HTTP/1.1 OPTIONS http://localhost:44389/api/auth/login   
2020-09-28 10:30:48.9628|4|INFO|Microsoft.AspNetCore.Cors.Infrastructure.CorsService|Policy execution successful. 
2020-09-28 10:30:48.9628|2|INFO|Microsoft.AspNetCore.Hosting.Internal.WebHost|Request finished in 12.7593ms 204  
2020-09-28 10:30:48.9628|1|INFO|Microsoft.AspNetCore.Hosting.Internal.WebHost|Request starting HTTP/1.1 POST http://localhost:44389/api/auth/login application/json; charset=UTF-8 59 
2020-09-28 10:30:48.9790|4|INFO|Microsoft.AspNetCore.Cors.Infrastructure.CorsService|Policy execution successful. 
2020-09-28 10:30:49.0543|3|INFO|Microsoft.AspNetCore.Mvc.Internal.ControllerActionInvoker|Route matched with {action = "Login", controller = "Auth"}. Executing controller action with signature System.Threading.Tasks.Task`1[Microsoft.AspNetCore.Mvc.IActionResult] Login(LeaseManagement.BusinessEntities.ViewModels.UserVM) on controller LeaseManagement.Authentication.Controllers.AuthController (LeaseManagement.Authentication). 
2020-09-28 10:30:49.7215|1|INFO|Microsoft.AspNetCore.Mvc.Internal.ControllerActionInvoker|Executing action method LeaseManagement.Authentication.Controllers.AuthController.Login (LeaseManagement.Authentication) - Validation state: Valid 
2020-09-28 10:30:50.7417|10403|INFO|Microsoft.EntityFrameworkCore.Infrastructure|Entity Framework Core 2.1.14-servicing-32113 initialized 'LeaseManagementDbContext' using provider 'Microsoft.EntityFrameworkCore.SqlServer' with options: None 
2020-09-28 10:30:50.9540|10103|WARN|Microsoft.EntityFrameworkCore.Query|Query: '(from UserVM <generated>_2 in DbSet<UserVM> select [<generated>_2]).FirstOrDefault()' uses First/FirstOrDefault/Last/LastOrDefault operation without OrderBy and filter which may lead to unpredictable results. 
2020-09-28 10:30:51.0623|20500|WARN|Microsoft.EntityFrameworkCore.Query|The LINQ expression 'FirstOrDefault()' could not be translated and will be evaluated locally. 
2020-09-28 10:30:52.1483|20101|INFO|Microsoft.EntityFrameworkCore.Database.Command|Executed DbCommand (171ms) [Parameters=[@email='?' (Size = 25), @password='?' (Size = 44)], CommandType='Text', CommandTimeout='30']
sp_GetUserWithValidCredential @email, @password 
2020-09-28 10:30:52.5300|2|INFO|Microsoft.AspNetCore.Mvc.Internal.ControllerActionInvoker|Executed action method LeaseManagement.Authentication.Controllers.AuthController.Login (LeaseManagement.Authentication), returned result Microsoft.AspNetCore.Mvc.OkObjectResult in 2803.5193ms. 
2020-09-28 10:30:52.5543|1|INFO|Microsoft.AspNetCore.Mvc.Infrastructure.ObjectResultExecutor|Executing ObjectResult, writing value of type '<>f__AnonymousType0`1[[System.String, System.Private.CoreLib, Version=4.0.0.0, Culture=neutral, PublicKeyToken=7cec85d7bea7798e]]'. 
2020-09-28 10:30:52.6042|2|INFO|Microsoft.AspNetCore.Mvc.Internal.ControllerActionInvoker|Executed action LeaseManagement.Authentication.Controllers.AuthController.Login (LeaseManagement.Authentication) in 3530.2216ms 
2020-09-28 10:30:52.6042|2|INFO|Microsoft.AspNetCore.Hosting.Internal.WebHost|Request finished in 3634.743ms 200 application/json; charset=utf-8 
2020-09-28 10:42:25.6386|1|INFO|Microsoft.AspNetCore.Hosting.Internal.WebHost|Request starting HTTP/1.1 POST http://localhost:62228/api/auth/login application/json; charset=UTF-8 59 
2020-09-28 10:42:25.6893|2|INFO|Microsoft.AspNetCore.Hosting.Internal.WebHost|Request finished in 50.8564ms 307  
2020-09-28 10:42:25.6893|32|INFO|Microsoft.AspNetCore.Server.Kestrel|Connection id "0HM33DCVB0S7V", Request id "0HM33DCVB0S7V:00000001": the application completed without reading the entire request body. 
2020-09-28 10:42:25.7409|1|INFO|Microsoft.AspNetCore.Hosting.Internal.WebHost|Request starting HTTP/1.1 OPTIONS http://localhost:44389/api/auth/login   
2020-09-28 10:42:25.7442|4|INFO|Microsoft.AspNetCore.Cors.Infrastructure.CorsService|Policy execution successful. 
2020-09-28 10:42:25.7442|2|INFO|Microsoft.AspNetCore.Hosting.Internal.WebHost|Request finished in 5.8181ms 204  
2020-09-28 10:42:25.7442|1|INFO|Microsoft.AspNetCore.Hosting.Internal.WebHost|Request starting HTTP/1.1 POST http://localhost:44389/api/auth/login application/json; charset=UTF-8 59 
2020-09-28 10:42:25.7442|4|INFO|Microsoft.AspNetCore.Cors.Infrastructure.CorsService|Policy execution successful. 
2020-09-28 10:42:25.7600|3|INFO|Microsoft.AspNetCore.Mvc.Internal.ControllerActionInvoker|Route matched with {action = "Login", controller = "Auth"}. Executing controller action with signature System.Threading.Tasks.Task`1[Microsoft.AspNetCore.Mvc.IActionResult] Login(LeaseManagement.BusinessEntities.ViewModels.UserVM) on controller LeaseManagement.Authentication.Controllers.AuthController (LeaseManagement.Authentication). 
2020-09-28 10:42:25.7600|1|INFO|Microsoft.AspNetCore.Mvc.Internal.ControllerActionInvoker|Executing action method LeaseManagement.Authentication.Controllers.AuthController.Login (LeaseManagement.Authentication) - Validation state: Valid 
2020-09-28 10:42:25.7836|10403|INFO|Microsoft.EntityFrameworkCore.Infrastructure|Entity Framework Core 2.1.14-servicing-32113 initialized 'LeaseManagementDbContext' using provider 'Microsoft.EntityFrameworkCore.SqlServer' with options: None 
2020-09-28 10:42:25.8143|20101|INFO|Microsoft.EntityFrameworkCore.Database.Command|Executed DbCommand (3ms) [Parameters=[@email='?' (Size = 25), @password='?' (Size = 44)], CommandType='Text', CommandTimeout='30']
sp_GetUserWithValidCredential @email, @password 
2020-09-28 10:42:25.8143|2|INFO|Microsoft.AspNetCore.Mvc.Internal.ControllerActionInvoker|Executed action method LeaseManagement.Authentication.Controllers.AuthController.Login (LeaseManagement.Authentication), returned result Microsoft.AspNetCore.Mvc.OkObjectResult in 50.5975ms. 
2020-09-28 10:42:25.8250|1|INFO|Microsoft.AspNetCore.Mvc.Infrastructure.ObjectResultExecutor|Executing ObjectResult, writing value of type '<>f__AnonymousType0`1[[System.String, System.Private.CoreLib, Version=4.0.0.0, Culture=neutral, PublicKeyToken=7cec85d7bea7798e]]'. 
2020-09-28 10:42:25.8250|2|INFO|Microsoft.AspNetCore.Mvc.Internal.ControllerActionInvoker|Executed action LeaseManagement.Authentication.Controllers.AuthController.Login (LeaseManagement.Authentication) in 66.2642ms 
2020-09-28 10:42:25.8250|2|INFO|Microsoft.AspNetCore.Hosting.Internal.WebHost|Request finished in 79.5254ms 200 application/json; charset=utf-8 
2020-09-28 11:40:43.7833|1|INFO|Microsoft.AspNetCore.Hosting.Internal.WebHost|Request starting HTTP/1.1 POST http://localhost:62228/api/auth/login application/json; charset=UTF-8 59 
2020-09-28 11:40:43.7975|2|INFO|Microsoft.AspNetCore.Hosting.Internal.WebHost|Request finished in 14.3386ms 307  
2020-09-28 11:40:43.8096|32|INFO|Microsoft.AspNetCore.Server.Kestrel|Connection id "0HM33DCVB0S80", Request id "0HM33DCVB0S80:00000001": the application completed without reading the entire request body. 
2020-09-28 11:40:43.8495|1|INFO|Microsoft.AspNetCore.Hosting.Internal.WebHost|Request starting HTTP/1.1 OPTIONS http://localhost:44389/api/auth/login   
2020-09-28 11:40:43.8495|4|INFO|Microsoft.AspNetCore.Cors.Infrastructure.CorsService|Policy execution successful. 
2020-09-28 11:40:43.8602|2|INFO|Microsoft.AspNetCore.Hosting.Internal.WebHost|Request finished in 10.7272ms 204  
2020-09-28 11:40:43.8602|1|INFO|Microsoft.AspNetCore.Hosting.Internal.WebHost|Request starting HTTP/1.1 POST http://localhost:44389/api/auth/login application/json; charset=UTF-8 59 
2020-09-28 11:40:43.8602|4|INFO|Microsoft.AspNetCore.Cors.Infrastructure.CorsService|Policy execution successful. 
2020-09-28 11:40:43.8745|3|INFO|Microsoft.AspNetCore.Mvc.Internal.ControllerActionInvoker|Route matched with {action = "Login", controller = "Auth"}. Executing controller action with signature System.Threading.Tasks.Task`1[Microsoft.AspNetCore.Mvc.IActionResult] Login(LeaseManagement.BusinessEntities.ViewModels.UserVM) on controller LeaseManagement.Authentication.Controllers.AuthController (LeaseManagement.Authentication). 
2020-09-28 11:40:43.8745|1|INFO|Microsoft.AspNetCore.Mvc.Internal.ControllerActionInvoker|Executing action method LeaseManagement.Authentication.Controllers.AuthController.Login (LeaseManagement.Authentication) - Validation state: Valid 
2020-09-28 11:40:43.8745|10403|INFO|Microsoft.EntityFrameworkCore.Infrastructure|Entity Framework Core 2.1.14-servicing-32113 initialized 'LeaseManagementDbContext' using provider 'Microsoft.EntityFrameworkCore.SqlServer' with options: None 
2020-09-28 11:40:43.9319|20101|INFO|Microsoft.EntityFrameworkCore.Database.Command|Executed DbCommand (3ms) [Parameters=[@email='?' (Size = 25), @password='?' (Size = 44)], CommandType='Text', CommandTimeout='30']
sp_GetUserWithValidCredential @email, @password 
2020-09-28 11:40:43.9351|2|INFO|Microsoft.AspNetCore.Mvc.Internal.ControllerActionInvoker|Executed action method LeaseManagement.Authentication.Controllers.AuthController.Login (LeaseManagement.Authentication), returned result Microsoft.AspNetCore.Mvc.OkObjectResult in 52.5139ms. 
2020-09-28 11:40:43.9351|1|INFO|Microsoft.AspNetCore.Mvc.Infrastructure.ObjectResultExecutor|Executing ObjectResult, writing value of type '<>f__AnonymousType0`1[[System.String, System.Private.CoreLib, Version=4.0.0.0, Culture=neutral, PublicKeyToken=7cec85d7bea7798e]]'. 
2020-09-28 11:40:43.9351|2|INFO|Microsoft.AspNetCore.Mvc.Internal.ControllerActionInvoker|Executed action LeaseManagement.Authentication.Controllers.AuthController.Login (LeaseManagement.Authentication) in 67.4169ms 
2020-09-28 11:40:43.9520|2|INFO|Microsoft.AspNetCore.Hosting.Internal.WebHost|Request finished in 84.5958ms 200 application/json; charset=utf-8 
2020-09-28 11:44:52.0778|1|INFO|Microsoft.AspNetCore.Hosting.Internal.WebHost|Request starting HTTP/1.1 POST http://localhost:62228/api/auth/login application/json; charset=UTF-8 59 
2020-09-28 11:44:52.0921|2|INFO|Microsoft.AspNetCore.Hosting.Internal.WebHost|Request finished in 14.2395ms 307  
2020-09-28 11:44:52.0921|32|INFO|Microsoft.AspNetCore.Server.Kestrel|Connection id "0HM33DCVB0S81", Request id "0HM33DCVB0S81:00000001": the application completed without reading the entire request body. 
2020-09-28 11:44:52.1169|1|INFO|Microsoft.AspNetCore.Hosting.Internal.WebHost|Request starting HTTP/1.1 OPTIONS http://localhost:44389/api/auth/login   
2020-09-28 11:44:52.1251|4|INFO|Microsoft.AspNetCore.Cors.Infrastructure.CorsService|Policy execution successful. 
2020-09-28 11:44:52.1251|2|INFO|Microsoft.AspNetCore.Hosting.Internal.WebHost|Request finished in 11.2631ms 204  
2020-09-28 11:44:52.1399|1|INFO|Microsoft.AspNetCore.Hosting.Internal.WebHost|Request starting HTTP/1.1 POST http://localhost:44389/api/auth/login application/json; charset=UTF-8 59 
2020-09-28 11:44:52.1399|4|INFO|Microsoft.AspNetCore.Cors.Infrastructure.CorsService|Policy execution successful. 
2020-09-28 11:44:52.1399|3|INFO|Microsoft.AspNetCore.Mvc.Internal.ControllerActionInvoker|Route matched with {action = "Login", controller = "Auth"}. Executing controller action with signature System.Threading.Tasks.Task`1[Microsoft.AspNetCore.Mvc.IActionResult] Login(LeaseManagement.BusinessEntities.ViewModels.UserVM) on controller LeaseManagement.Authentication.Controllers.AuthController (LeaseManagement.Authentication). 
2020-09-28 11:44:52.1555|1|INFO|Microsoft.AspNetCore.Mvc.Internal.ControllerActionInvoker|Executing action method LeaseManagement.Authentication.Controllers.AuthController.Login (LeaseManagement.Authentication) - Validation state: Valid 
2020-09-28 11:44:52.1555|10403|INFO|Microsoft.EntityFrameworkCore.Infrastructure|Entity Framework Core 2.1.14-servicing-32113 initialized 'LeaseManagementDbContext' using provider 'Microsoft.EntityFrameworkCore.SqlServer' with options: None 
2020-09-28 11:44:52.1803|20101|INFO|Microsoft.EntityFrameworkCore.Database.Command|Executed DbCommand (6ms) [Parameters=[@email='?' (Size = 25), @password='?' (Size = 44)], CommandType='Text', CommandTimeout='30']
sp_GetUserWithValidCredential @email, @password 
2020-09-28 11:44:52.1843|2|INFO|Microsoft.AspNetCore.Mvc.Internal.ControllerActionInvoker|Executed action method LeaseManagement.Authentication.Controllers.AuthController.Login (LeaseManagement.Authentication), returned result Microsoft.AspNetCore.Mvc.OkObjectResult in 25.5753ms. 
2020-09-28 11:44:52.1843|1|INFO|Microsoft.AspNetCore.Mvc.Infrastructure.ObjectResultExecutor|Executing ObjectResult, writing value of type '<>f__AnonymousType0`1[[System.String, System.Private.CoreLib, Version=4.0.0.0, Culture=neutral, PublicKeyToken=7cec85d7bea7798e]]'. 
2020-09-28 11:44:52.1998|2|INFO|Microsoft.AspNetCore.Mvc.Internal.ControllerActionInvoker|Executed action LeaseManagement.Authentication.Controllers.AuthController.Login (LeaseManagement.Authentication) in 48.1919ms 
2020-09-28 11:44:52.1998|2|INFO|Microsoft.AspNetCore.Hosting.Internal.WebHost|Request finished in 66.9768ms 200 application/json; charset=utf-8 
2020-09-28 14:52:03.3692||INFO|Microsoft.AspNetCore.DataProtection.KeyManagement.XmlKeyManager|User profile is available. Using 'C:\Users\bhavyaa.shah\AppData\Local\ASP.NET\DataProtection-Keys' as key repository and Windows DPAPI to encrypt keys at rest. 
2020-09-28 14:52:04.9762|1|INFO|Microsoft.AspNetCore.Hosting.Internal.WebHost|Request starting HTTP/1.1 GET http://localhost:44389/index.html   
2020-09-28 14:52:05.4671|2|INFO|Microsoft.AspNetCore.Hosting.Internal.WebHost|Request finished in 491.368ms 200 text/html;charset=utf-8 
