2020-09-19 10:30:27.4481||INFO|Microsoft.AspNetCore.DataProtection.KeyManagement.XmlKeyManager|User profile is available. Using 'C:\Users\bhavyaa.shah\AppData\Local\ASP.NET\DataProtection-Keys' as key repository and Windows DPAPI to encrypt keys at rest. 
2020-09-19 10:30:30.7503|1|INFO|Microsoft.AspNetCore.Hosting.Internal.WebHost|Request starting HTTP/1.1 DEBUG http://localhost:62228/  0 
2020-09-19 10:30:30.7503|1|INFO|Microsoft.AspNetCore.Hosting.Internal.WebHost|Request starting HTTP/1.1 GET http://localhost:44389/index.html   
2020-09-19 10:30:31.3238|2|INFO|Microsoft.AspNetCore.Hosting.Internal.WebHost|Request finished in 560.4382ms 200  
2020-09-19 10:30:33.8213|2|INFO|Microsoft.AspNetCore.Hosting.Internal.WebHost|Request finished in 3072.4718ms 200 text/html;charset=utf-8 
2020-09-19 10:30:35.1109|1|INFO|Microsoft.AspNetCore.Hosting.Internal.WebHost|Request starting HTTP/1.1 GET http://localhost:44389/swagger/v1/swagger.json   
2020-09-19 10:30:35.6008|2|INFO|Microsoft.AspNetCore.Hosting.Internal.WebHost|Request finished in 489.84ms 200 application/json;charset=utf-8 
2020-09-19 10:51:01.8284|1|INFO|Microsoft.AspNetCore.Hosting.Internal.WebHost|Request starting HTTP/1.1 POST http://localhost:62228/api/auth/login application/json; charset=UTF-8 59 
2020-09-19 10:51:01.8739|2|INFO|Microsoft.AspNetCore.Hosting.Internal.WebHost|Request finished in 45.5728ms 307  
2020-09-19 10:51:01.8906|32|INFO|Microsoft.AspNetCore.Server.Kestrel|Connection id "0HM2SB3N8OC1K", Request id "0HM2SB3N8OC1K:00000001": the application completed without reading the entire request body. 
2020-09-19 10:51:01.9778|1|INFO|Microsoft.AspNetCore.Hosting.Internal.WebHost|Request starting HTTP/1.1 OPTIONS http://localhost:44389/api/auth/login   
2020-09-19 10:51:01.9855|4|INFO|Microsoft.AspNetCore.Cors.Infrastructure.CorsService|Policy execution successful. 
2020-09-19 10:51:01.9855|2|INFO|Microsoft.AspNetCore.Hosting.Internal.WebHost|Request finished in 11.3737ms 204  
2020-09-19 10:51:01.9855|1|INFO|Microsoft.AspNetCore.Hosting.Internal.WebHost|Request starting HTTP/1.1 POST http://localhost:44389/api/auth/login application/json; charset=UTF-8 59 
2020-09-19 10:51:02.0031|4|INFO|Microsoft.AspNetCore.Cors.Infrastructure.CorsService|Policy execution successful. 
2020-09-19 10:51:02.4115|2|INFO|Microsoft.AspNetCore.Authentication.JwtBearer.JwtBearerHandler|Successfully validated the token. 
2020-09-19 10:51:02.4906|3|INFO|Microsoft.AspNetCore.Mvc.Internal.ControllerActionInvoker|Route matched with {action = "Login", controller = "Auth"}. Executing controller action with signature System.Threading.Tasks.Task`1[Microsoft.AspNetCore.Mvc.IActionResult] Login(LeaseManagement.BusinessEntities.ViewModels.UserVM) on controller LeaseManagement.Authentication.Controllers.AuthController (LeaseManagement.Authentication). 
2020-09-19 10:51:03.0157|1|INFO|Microsoft.AspNetCore.Mvc.Internal.ControllerActionInvoker|Executing action method LeaseManagement.Authentication.Controllers.AuthController.Login (LeaseManagement.Authentication) - Validation state: Valid 
2020-09-19 10:51:04.1466|10403|INFO|Microsoft.EntityFrameworkCore.Infrastructure|Entity Framework Core 2.1.14-servicing-32113 initialized 'LeaseManagementDbContext' using provider 'Microsoft.EntityFrameworkCore.SqlServer' with options: None 
2020-09-19 10:51:04.4031|10103|WARN|Microsoft.EntityFrameworkCore.Query|Query: '(from UserVM <generated>_2 in DbSet<UserVM> select [<generated>_2]).FirstOrDefault()' uses First/FirstOrDefault/Last/LastOrDefault operation without OrderBy and filter which may lead to unpredictable results. 
2020-09-19 10:51:04.4943|20500|WARN|Microsoft.EntityFrameworkCore.Query|The LINQ expression 'FirstOrDefault()' could not be translated and will be evaluated locally. 
2020-09-19 10:51:05.3483|20101|INFO|Microsoft.EntityFrameworkCore.Database.Command|Executed DbCommand (198ms) [Parameters=[@email='?' (Size = 25), @password='?' (Size = 44)], CommandType='Text', CommandTimeout='30']
sp_GetUserWithValidCredential @email, @password 
2020-09-19 10:51:05.4686|2|INFO|Microsoft.AspNetCore.Mvc.Internal.ControllerActionInvoker|Executed action method LeaseManagement.Authentication.Controllers.AuthController.Login (LeaseManagement.Authentication), returned result Microsoft.AspNetCore.Mvc.OkObjectResult in 2447.7711ms. 
2020-09-19 10:51:05.4999|1|INFO|Microsoft.AspNetCore.Mvc.Infrastructure.ObjectResultExecutor|Executing ObjectResult, writing value of type '<>f__AnonymousType0`1[[System.String, System.Private.CoreLib, Version=4.0.0.0, Culture=neutral, PublicKeyToken=7cec85d7bea7798e]]'. 
2020-09-19 10:51:05.5487|2|INFO|Microsoft.AspNetCore.Mvc.Internal.ControllerActionInvoker|Executed action LeaseManagement.Authentication.Controllers.AuthController.Login (LeaseManagement.Authentication) in 3051.0446ms 
2020-09-19 10:51:05.5487|2|INFO|Microsoft.AspNetCore.Hosting.Internal.WebHost|Request finished in 3559.1506ms 200 application/json; charset=utf-8 
2020-09-19 11:54:57.7178||INFO|Microsoft.AspNetCore.DataProtection.KeyManagement.XmlKeyManager|User profile is available. Using 'C:\Users\bhavyaa.shah\AppData\Local\ASP.NET\DataProtection-Keys' as key repository and Windows DPAPI to encrypt keys at rest. 
2020-09-19 11:54:59.8600|1|INFO|Microsoft.AspNetCore.Hosting.Internal.WebHost|Request starting HTTP/1.1 DEBUG http://localhost:62228/  0 
2020-09-19 11:54:59.9493|2|INFO|Microsoft.AspNetCore.Hosting.Internal.WebHost|Request finished in 87.2005ms 200  
2020-09-19 11:55:00.5012|1|INFO|Microsoft.AspNetCore.Hosting.Internal.WebHost|Request starting HTTP/1.1 GET http://localhost:44389/index.html   
2020-09-19 11:55:01.9306|2|INFO|Microsoft.AspNetCore.Hosting.Internal.WebHost|Request finished in 1429.3888ms 200 text/html;charset=utf-8 
2020-09-19 11:55:02.6786|1|INFO|Microsoft.AspNetCore.Hosting.Internal.WebHost|Request starting HTTP/1.1 GET http://localhost:44389/swagger/v1/swagger.json   
2020-09-19 11:55:03.0706|2|INFO|Microsoft.AspNetCore.Hosting.Internal.WebHost|Request finished in 392.0302ms 200 application/json;charset=utf-8 
