2020-09-21 10:04:32.2295||INFO|Microsoft.AspNetCore.DataProtection.KeyManagement.XmlKeyManager|User profile is available. Using 'C:\Users\bhavyaa.shah\AppData\Local\ASP.NET\DataProtection-Keys' as key repository and Windows DPAPI to encrypt keys at rest. 
2020-09-21 10:04:34.5454|1|INFO|Microsoft.AspNetCore.Hosting.Internal.WebHost|Request starting HTTP/1.1 DEBUG http://localhost:62228/  0 
2020-09-21 10:04:34.5454|1|INFO|Microsoft.AspNetCore.Hosting.Internal.WebHost|Request starting HTTP/1.1 GET http://localhost:44389/index.html   
2020-09-21 10:04:34.6590|2|INFO|Microsoft.AspNetCore.Hosting.Internal.WebHost|Request finished in 107.5162ms 200  
2020-09-21 10:04:36.0070|2|INFO|Microsoft.AspNetCore.Hosting.Internal.WebHost|Request finished in 1463.6915ms 200 text/html;charset=utf-8 
2020-09-21 10:04:36.1659|1|INFO|Microsoft.AspNetCore.Hosting.Internal.WebHost|Request starting HTTP/1.1 GET http://localhost:44389/swagger-ui.css   
2020-09-21 10:04:36.3223|1|INFO|Microsoft.AspNetCore.Hosting.Internal.WebHost|Request starting HTTP/1.1 GET http://localhost:44389/swagger-ui-standalone-preset.js   
2020-09-21 10:04:36.3223|1|INFO|Microsoft.AspNetCore.Hosting.Internal.WebHost|Request starting HTTP/1.1 GET http://localhost:44389/swagger-ui-bundle.js   
2020-09-21 10:04:36.4116|6|INFO|Microsoft.AspNetCore.StaticFiles.StaticFileMiddleware|The file /swagger-ui-bundle.js was not modified 
2020-09-21 10:04:36.4116|6|INFO|Microsoft.AspNetCore.StaticFiles.StaticFileMiddleware|The file /swagger-ui.css was not modified 
2020-09-21 10:04:36.4187|2|INFO|Microsoft.AspNetCore.Hosting.Internal.WebHost|Request finished in 253.0688ms 304 text/css 
2020-09-21 10:04:36.4187|2|INFO|Microsoft.AspNetCore.Hosting.Internal.WebHost|Request finished in 94.8234ms 304 application/javascript 
2020-09-21 10:04:36.4116|6|INFO|Microsoft.AspNetCore.StaticFiles.StaticFileMiddleware|The file /swagger-ui-standalone-preset.js was not modified 
2020-09-21 10:04:36.4187|2|INFO|Microsoft.AspNetCore.Hosting.Internal.WebHost|Request finished in 106.9515ms 304 application/javascript 
2020-09-21 10:04:37.5751|1|INFO|Microsoft.AspNetCore.Hosting.Internal.WebHost|Request starting HTTP/1.1 GET http://localhost:44389/swagger/v1/swagger.json   
2020-09-21 10:04:38.0118|2|INFO|Microsoft.AspNetCore.Hosting.Internal.WebHost|Request finished in 436.6849ms 200 application/json;charset=utf-8 
2020-09-21 11:08:04.6851||INFO|Microsoft.AspNetCore.DataProtection.KeyManagement.XmlKeyManager|User profile is available. Using 'C:\Users\bhavyaa.shah\AppData\Local\ASP.NET\DataProtection-Keys' as key repository and Windows DPAPI to encrypt keys at rest. 
2020-09-21 11:08:06.0729|1|INFO|Microsoft.AspNetCore.Hosting.Internal.WebHost|Request starting HTTP/1.1 DEBUG http://localhost:62228/  0 
2020-09-21 11:08:06.0729|1|INFO|Microsoft.AspNetCore.Hosting.Internal.WebHost|Request starting HTTP/1.1 GET http://localhost:44389/index.html   
2020-09-21 11:08:06.1516|2|INFO|Microsoft.AspNetCore.Hosting.Internal.WebHost|Request finished in 78.6275ms 200  
2020-09-21 11:08:06.5883|2|INFO|Microsoft.AspNetCore.Hosting.Internal.WebHost|Request finished in 516.5877ms 200 text/html;charset=utf-8 
2020-09-21 11:08:06.9775|1|INFO|Microsoft.AspNetCore.Hosting.Internal.WebHost|Request starting HTTP/1.1 GET http://localhost:44389/swagger/v1/swagger.json   
2020-09-21 11:08:07.1461|2|INFO|Microsoft.AspNetCore.Hosting.Internal.WebHost|Request finished in 168.5781ms 200 application/json;charset=utf-8 
2020-09-21 11:08:27.7238|1|INFO|Microsoft.AspNetCore.Hosting.Internal.WebHost|Request starting HTTP/1.1 POST http://localhost:62228/api/auth/login application/json; charset=UTF-8 59 
2020-09-21 11:08:27.7567|2|INFO|Microsoft.AspNetCore.Hosting.Internal.WebHost|Request finished in 32.9347ms 307  
2020-09-21 11:08:27.7815|32|INFO|Microsoft.AspNetCore.Server.Kestrel|Connection id "0HM2TU21TN7FR", Request id "0HM2TU21TN7FR:00000002": the application completed without reading the entire request body. 
2020-09-21 11:08:27.8786|1|INFO|Microsoft.AspNetCore.Hosting.Internal.WebHost|Request starting HTTP/1.1 OPTIONS http://localhost:44389/api/auth/login   
2020-09-21 11:08:27.8835|4|INFO|Microsoft.AspNetCore.Cors.Infrastructure.CorsService|Policy execution successful. 
2020-09-21 11:08:27.8835|2|INFO|Microsoft.AspNetCore.Hosting.Internal.WebHost|Request finished in 9.8944ms 204  
2020-09-21 11:08:27.8835|1|INFO|Microsoft.AspNetCore.Hosting.Internal.WebHost|Request starting HTTP/1.1 POST http://localhost:44389/api/auth/login application/json; charset=UTF-8 59 
2020-09-21 11:08:27.8835|4|INFO|Microsoft.AspNetCore.Cors.Infrastructure.CorsService|Policy execution successful. 
2020-09-21 11:08:28.1800|1|INFO|Microsoft.AspNetCore.Authentication.JwtBearer.JwtBearerHandler|Failed to validate the token. Microsoft.IdentityModel.Tokens.SecurityTokenExpiredException: IDX10223: Lifetime validation failed. The token is expired. ValidTo: 'System.DateTime', Current time: 'System.DateTime'.
   at Microsoft.IdentityModel.Tokens.Validators.ValidateLifetime(Nullable`1 notBefore, Nullable`1 expires, SecurityToken securityToken, TokenValidationParameters validationParameters)
   at System.IdentityModel.Tokens.Jwt.JwtSecurityTokenHandler.ValidateLifetime(Nullable`1 notBefore, Nullable`1 expires, JwtSecurityToken jwtToken, TokenValidationParameters validationParameters)
   at System.IdentityModel.Tokens.Jwt.JwtSecurityTokenHandler.ValidateTokenPayload(JwtSecurityToken jwtToken, TokenValidationParameters validationParameters)
   at System.IdentityModel.Tokens.Jwt.JwtSecurityTokenHandler.ValidateToken(String token, TokenValidationParameters validationParameters, SecurityToken& validatedToken)
   at Microsoft.AspNetCore.Authentication.JwtBearer.JwtBearerHandler.HandleAuthenticateAsync()
2020-09-21 11:08:28.2333|7|INFO|Microsoft.AspNetCore.Authentication.JwtBearer.JwtBearerHandler|JWTAuth was not authenticated. Failure message: IDX10223: Lifetime validation failed. The token is expired. ValidTo: 'System.DateTime', Current time: 'System.DateTime'. 
2020-09-21 11:08:28.3113|3|INFO|Microsoft.AspNetCore.Mvc.Internal.ControllerActionInvoker|Route matched with {action = "Login", controller = "Auth"}. Executing controller action with signature System.Threading.Tasks.Task`1[Microsoft.AspNetCore.Mvc.IActionResult] Login(LeaseManagement.BusinessEntities.ViewModels.UserVM) on controller LeaseManagement.Authentication.Controllers.AuthController (LeaseManagement.Authentication). 
2020-09-21 11:08:29.0876|1|INFO|Microsoft.AspNetCore.Mvc.Internal.ControllerActionInvoker|Executing action method LeaseManagement.Authentication.Controllers.AuthController.Login (LeaseManagement.Authentication) - Validation state: Valid 
2020-09-21 11:08:29.8206|10403|INFO|Microsoft.EntityFrameworkCore.Infrastructure|Entity Framework Core 2.1.14-servicing-32113 initialized 'LeaseManagementDbContext' using provider 'Microsoft.EntityFrameworkCore.SqlServer' with options: None 
2020-09-21 11:08:29.9784|10103|WARN|Microsoft.EntityFrameworkCore.Query|Query: '(from UserVM <generated>_2 in DbSet<UserVM> select [<generated>_2]).FirstOrDefault()' uses First/FirstOrDefault/Last/LastOrDefault operation without OrderBy and filter which may lead to unpredictable results. 
2020-09-21 11:08:30.0364|20500|WARN|Microsoft.EntityFrameworkCore.Query|The LINQ expression 'FirstOrDefault()' could not be translated and will be evaluated locally. 
2020-09-21 11:08:30.8097|20101|INFO|Microsoft.EntityFrameworkCore.Database.Command|Executed DbCommand (118ms) [Parameters=[@email='?' (Size = 25), @password='?' (Size = 44)], CommandType='Text', CommandTimeout='30']
sp_GetUserWithValidCredential @email, @password 
2020-09-21 11:08:30.9664|2|INFO|Microsoft.AspNetCore.Mvc.Internal.ControllerActionInvoker|Executed action method LeaseManagement.Authentication.Controllers.AuthController.Login (LeaseManagement.Authentication), returned result Microsoft.AspNetCore.Mvc.OkObjectResult in 1874.0657ms. 
2020-09-21 11:08:30.9950|1|INFO|Microsoft.AspNetCore.Mvc.Infrastructure.ObjectResultExecutor|Executing ObjectResult, writing value of type '<>f__AnonymousType0`1[[System.String, System.Private.CoreLib, Version=4.0.0.0, Culture=neutral, PublicKeyToken=7cec85d7bea7798e]]'. 
2020-09-21 11:08:31.0377|2|INFO|Microsoft.AspNetCore.Mvc.Internal.ControllerActionInvoker|Executed action LeaseManagement.Authentication.Controllers.AuthController.Login (LeaseManagement.Authentication) in 2721.0674ms 
2020-09-21 11:08:31.0457|2|INFO|Microsoft.AspNetCore.Hosting.Internal.WebHost|Request finished in 3150.2455ms 200 application/json; charset=utf-8 
2020-09-21 13:40:45.7321||INFO|Microsoft.AspNetCore.DataProtection.KeyManagement.XmlKeyManager|User profile is available. Using 'C:\Users\bhavyaa.shah\AppData\Local\ASP.NET\DataProtection-Keys' as key repository and Windows DPAPI to encrypt keys at rest. 
2020-09-21 13:40:46.6885|1|INFO|Microsoft.AspNetCore.Hosting.Internal.WebHost|Request starting HTTP/1.1 POST http://localhost:62228/api/auth/login application/json; charset=UTF-8 59 
2020-09-21 13:40:46.7263|2|INFO|Microsoft.AspNetCore.Hosting.Internal.WebHost|Request finished in 39.1326ms 307  
2020-09-21 13:40:46.7474|32|INFO|Microsoft.AspNetCore.Server.Kestrel|Connection id "0HM2U0NC171AD", Request id "0HM2U0NC171AD:00000001": the application completed without reading the entire request body. 
2020-09-21 13:40:46.7660|1|INFO|Microsoft.AspNetCore.Hosting.Internal.WebHost|Request starting HTTP/1.1 OPTIONS http://localhost:44389/api/auth/login   
2020-09-21 13:40:46.7725|4|INFO|Microsoft.AspNetCore.Cors.Infrastructure.CorsService|Policy execution successful. 
2020-09-21 13:40:46.7725|2|INFO|Microsoft.AspNetCore.Hosting.Internal.WebHost|Request finished in 9.876ms 204  
2020-09-21 13:40:46.7725|1|INFO|Microsoft.AspNetCore.Hosting.Internal.WebHost|Request starting HTTP/1.1 POST http://localhost:44389/api/auth/login application/json; charset=UTF-8 59 
2020-09-21 13:40:46.7837|4|INFO|Microsoft.AspNetCore.Cors.Infrastructure.CorsService|Policy execution successful. 
2020-09-21 13:40:46.9907|3|INFO|Microsoft.AspNetCore.Mvc.Internal.ControllerActionInvoker|Route matched with {action = "Login", controller = "Auth"}. Executing controller action with signature System.Threading.Tasks.Task`1[Microsoft.AspNetCore.Mvc.IActionResult] Login(LeaseManagement.BusinessEntities.ViewModels.UserVM) on controller LeaseManagement.Authentication.Controllers.AuthController (LeaseManagement.Authentication). 
2020-09-21 13:40:47.1619|1|INFO|Microsoft.AspNetCore.Mvc.Internal.ControllerActionInvoker|Executing action method LeaseManagement.Authentication.Controllers.AuthController.Login (LeaseManagement.Authentication) - Validation state: Valid 
2020-09-21 13:40:47.6747|10403|INFO|Microsoft.EntityFrameworkCore.Infrastructure|Entity Framework Core 2.1.14-servicing-32113 initialized 'LeaseManagementDbContext' using provider 'Microsoft.EntityFrameworkCore.SqlServer' with options: None 
2020-09-21 13:40:47.7478|10103|WARN|Microsoft.EntityFrameworkCore.Query|Query: '(from UserVM <generated>_2 in DbSet<UserVM> select [<generated>_2]).FirstOrDefault()' uses First/FirstOrDefault/Last/LastOrDefault operation without OrderBy and filter which may lead to unpredictable results. 
2020-09-21 13:40:47.8248|20500|WARN|Microsoft.EntityFrameworkCore.Query|The LINQ expression 'FirstOrDefault()' could not be translated and will be evaluated locally. 
2020-09-21 13:40:47.9953|20101|INFO|Microsoft.EntityFrameworkCore.Database.Command|Executed DbCommand (15ms) [Parameters=[@email='?' (Size = 25), @password='?' (Size = 44)], CommandType='Text', CommandTimeout='30']
sp_GetUserWithValidCredential @email, @password 
2020-09-21 13:40:48.2016|2|INFO|Microsoft.AspNetCore.Mvc.Internal.ControllerActionInvoker|Executed action method LeaseManagement.Authentication.Controllers.AuthController.Login (LeaseManagement.Authentication), returned result Microsoft.AspNetCore.Mvc.OkObjectResult in 1035.1313ms. 
2020-09-21 13:40:48.2199|1|INFO|Microsoft.AspNetCore.Mvc.Infrastructure.ObjectResultExecutor|Executing ObjectResult, writing value of type '<>f__AnonymousType0`1[[System.String, System.Private.CoreLib, Version=4.0.0.0, Culture=neutral, PublicKeyToken=7cec85d7bea7798e]]'. 
2020-09-21 13:40:48.2461|2|INFO|Microsoft.AspNetCore.Mvc.Internal.ControllerActionInvoker|Executed action LeaseManagement.Authentication.Controllers.AuthController.Login (LeaseManagement.Authentication) in 1250.7195ms 
2020-09-21 13:40:48.2586|2|INFO|Microsoft.AspNetCore.Hosting.Internal.WebHost|Request finished in 1477.3485ms 200 application/json; charset=utf-8 
2020-09-21 13:44:47.4945|1|INFO|Microsoft.AspNetCore.Hosting.Internal.WebHost|Request starting HTTP/1.1 POST http://localhost:62228/api/auth/login application/json; charset=UTF-8 59 
2020-09-21 13:44:47.4945|2|INFO|Microsoft.AspNetCore.Hosting.Internal.WebHost|Request finished in 3.103ms 307  
2020-09-21 13:44:47.5005|32|INFO|Microsoft.AspNetCore.Server.Kestrel|Connection id "0HM2U0NC171AE", Request id "0HM2U0NC171AE:00000001": the application completed without reading the entire request body. 
2020-09-21 13:44:47.5207|1|INFO|Microsoft.AspNetCore.Hosting.Internal.WebHost|Request starting HTTP/1.1 OPTIONS http://localhost:44389/api/auth/login   
2020-09-21 13:44:47.5207|4|INFO|Microsoft.AspNetCore.Cors.Infrastructure.CorsService|Policy execution successful. 
2020-09-21 13:44:47.5207|2|INFO|Microsoft.AspNetCore.Hosting.Internal.WebHost|Request finished in 10.0764ms 204  
2020-09-21 13:44:47.5449|1|INFO|Microsoft.AspNetCore.Hosting.Internal.WebHost|Request starting HTTP/1.1 POST http://localhost:44389/api/auth/login application/json; charset=UTF-8 59 
2020-09-21 13:44:47.5485|4|INFO|Microsoft.AspNetCore.Cors.Infrastructure.CorsService|Policy execution successful. 
2020-09-21 13:44:47.5485|3|INFO|Microsoft.AspNetCore.Mvc.Internal.ControllerActionInvoker|Route matched with {action = "Login", controller = "Auth"}. Executing controller action with signature System.Threading.Tasks.Task`1[Microsoft.AspNetCore.Mvc.IActionResult] Login(LeaseManagement.BusinessEntities.ViewModels.UserVM) on controller LeaseManagement.Authentication.Controllers.AuthController (LeaseManagement.Authentication). 
2020-09-21 13:44:47.5485|1|INFO|Microsoft.AspNetCore.Mvc.Internal.ControllerActionInvoker|Executing action method LeaseManagement.Authentication.Controllers.AuthController.Login (LeaseManagement.Authentication) - Validation state: Valid 
2020-09-21 13:44:47.5659|10403|INFO|Microsoft.EntityFrameworkCore.Infrastructure|Entity Framework Core 2.1.14-servicing-32113 initialized 'LeaseManagementDbContext' using provider 'Microsoft.EntityFrameworkCore.SqlServer' with options: None 
2020-09-21 13:44:47.5790|20101|INFO|Microsoft.EntityFrameworkCore.Database.Command|Executed DbCommand (7ms) [Parameters=[@email='?' (Size = 25), @password='?' (Size = 44)], CommandType='Text', CommandTimeout='30']
sp_GetUserWithValidCredential @email, @password 
2020-09-21 13:44:47.5790|2|INFO|Microsoft.AspNetCore.Mvc.Internal.ControllerActionInvoker|Executed action method LeaseManagement.Authentication.Controllers.AuthController.Login (LeaseManagement.Authentication), returned result Microsoft.AspNetCore.Mvc.OkObjectResult in 25.5547ms. 
2020-09-21 13:44:47.5790|1|INFO|Microsoft.AspNetCore.Mvc.Infrastructure.ObjectResultExecutor|Executing ObjectResult, writing value of type '<>f__AnonymousType0`1[[System.String, System.Private.CoreLib, Version=4.0.0.0, Culture=neutral, PublicKeyToken=7cec85d7bea7798e]]'. 
2020-09-21 13:44:47.5959|2|INFO|Microsoft.AspNetCore.Mvc.Internal.ControllerActionInvoker|Executed action LeaseManagement.Authentication.Controllers.AuthController.Login (LeaseManagement.Authentication) in 38.7403ms 
2020-09-21 13:44:47.5959|2|INFO|Microsoft.AspNetCore.Hosting.Internal.WebHost|Request finished in 58.7345ms 200 application/json; charset=utf-8 
2020-09-21 13:59:19.1714|1|INFO|Microsoft.AspNetCore.Hosting.Internal.WebHost|Request starting HTTP/1.1 POST http://localhost:62228/api/auth/login application/json; charset=UTF-8 59 
2020-09-21 13:59:19.1714|2|INFO|Microsoft.AspNetCore.Hosting.Internal.WebHost|Request finished in 4.8745ms 307  
2020-09-21 13:59:19.1714|32|INFO|Microsoft.AspNetCore.Server.Kestrel|Connection id "0HM2U0NC171AF", Request id "0HM2U0NC171AF:00000001": the application completed without reading the entire request body. 
2020-09-21 13:59:19.1931|1|INFO|Microsoft.AspNetCore.Hosting.Internal.WebHost|Request starting HTTP/1.1 OPTIONS http://localhost:44389/api/auth/login   
2020-09-21 13:59:19.1931|4|INFO|Microsoft.AspNetCore.Cors.Infrastructure.CorsService|Policy execution successful. 
2020-09-21 13:59:19.1931|2|INFO|Microsoft.AspNetCore.Hosting.Internal.WebHost|Request finished in 7.6513ms 204  
2020-09-21 13:59:19.2066|1|INFO|Microsoft.AspNetCore.Hosting.Internal.WebHost|Request starting HTTP/1.1 POST http://localhost:44389/api/auth/login application/json; charset=UTF-8 59 
2020-09-21 13:59:19.2066|4|INFO|Microsoft.AspNetCore.Cors.Infrastructure.CorsService|Policy execution successful. 
2020-09-21 13:59:19.2066|3|INFO|Microsoft.AspNetCore.Mvc.Internal.ControllerActionInvoker|Route matched with {action = "Login", controller = "Auth"}. Executing controller action with signature System.Threading.Tasks.Task`1[Microsoft.AspNetCore.Mvc.IActionResult] Login(LeaseManagement.BusinessEntities.ViewModels.UserVM) on controller LeaseManagement.Authentication.Controllers.AuthController (LeaseManagement.Authentication). 
2020-09-21 13:59:19.2066|1|INFO|Microsoft.AspNetCore.Mvc.Internal.ControllerActionInvoker|Executing action method LeaseManagement.Authentication.Controllers.AuthController.Login (LeaseManagement.Authentication) - Validation state: Valid 
2020-09-21 13:59:19.2240|10403|INFO|Microsoft.EntityFrameworkCore.Infrastructure|Entity Framework Core 2.1.14-servicing-32113 initialized 'LeaseManagementDbContext' using provider 'Microsoft.EntityFrameworkCore.SqlServer' with options: None 
2020-09-21 13:59:19.2359|20101|INFO|Microsoft.EntityFrameworkCore.Database.Command|Executed DbCommand (2ms) [Parameters=[@email='?' (Size = 25), @password='?' (Size = 44)], CommandType='Text', CommandTimeout='30']
sp_GetUserWithValidCredential @email, @password 
2020-09-21 13:59:19.2359|2|INFO|Microsoft.AspNetCore.Mvc.Internal.ControllerActionInvoker|Executed action method LeaseManagement.Authentication.Controllers.AuthController.Login (LeaseManagement.Authentication), returned result Microsoft.AspNetCore.Mvc.OkObjectResult in 18.999ms. 
2020-09-21 13:59:19.2359|1|INFO|Microsoft.AspNetCore.Mvc.Infrastructure.ObjectResultExecutor|Executing ObjectResult, writing value of type '<>f__AnonymousType0`1[[System.String, System.Private.CoreLib, Version=4.0.0.0, Culture=neutral, PublicKeyToken=7cec85d7bea7798e]]'. 
2020-09-21 13:59:19.2359|2|INFO|Microsoft.AspNetCore.Mvc.Internal.ControllerActionInvoker|Executed action LeaseManagement.Authentication.Controllers.AuthController.Login (LeaseManagement.Authentication) in 28.7018ms 
2020-09-21 13:59:19.2502|2|INFO|Microsoft.AspNetCore.Hosting.Internal.WebHost|Request finished in 43.5788ms 200 application/json; charset=utf-8 
2020-09-21 14:08:38.5222|1|INFO|Microsoft.AspNetCore.Hosting.Internal.WebHost|Request starting HTTP/1.1 POST http://localhost:62228/api/auth/login application/json; charset=UTF-8 59 
2020-09-21 14:08:38.5528|2|INFO|Microsoft.AspNetCore.Hosting.Internal.WebHost|Request finished in 30.6408ms 307  
2020-09-21 14:08:38.5528|32|INFO|Microsoft.AspNetCore.Server.Kestrel|Connection id "0HM2U0NC171AG", Request id "0HM2U0NC171AG:00000001": the application completed without reading the entire request body. 
2020-09-21 14:08:38.5718|1|INFO|Microsoft.AspNetCore.Hosting.Internal.WebHost|Request starting HTTP/1.1 OPTIONS http://localhost:44389/api/auth/login   
2020-09-21 14:08:38.5718|4|INFO|Microsoft.AspNetCore.Cors.Infrastructure.CorsService|Policy execution successful. 
2020-09-21 14:08:38.5793|2|INFO|Microsoft.AspNetCore.Hosting.Internal.WebHost|Request finished in 7.4509ms 204  
2020-09-21 14:08:38.5793|1|INFO|Microsoft.AspNetCore.Hosting.Internal.WebHost|Request starting HTTP/1.1 POST http://localhost:44389/api/auth/login application/json; charset=UTF-8 59 
2020-09-21 14:08:38.5793|4|INFO|Microsoft.AspNetCore.Cors.Infrastructure.CorsService|Policy execution successful. 
2020-09-21 14:08:38.5997|3|INFO|Microsoft.AspNetCore.Mvc.Internal.ControllerActionInvoker|Route matched with {action = "Login", controller = "Auth"}. Executing controller action with signature System.Threading.Tasks.Task`1[Microsoft.AspNetCore.Mvc.IActionResult] Login(LeaseManagement.BusinessEntities.ViewModels.UserVM) on controller LeaseManagement.Authentication.Controllers.AuthController (LeaseManagement.Authentication). 
2020-09-21 14:08:38.5997|1|INFO|Microsoft.AspNetCore.Mvc.Internal.ControllerActionInvoker|Executing action method LeaseManagement.Authentication.Controllers.AuthController.Login (LeaseManagement.Authentication) - Validation state: Valid 
2020-09-21 14:08:38.6086|10403|INFO|Microsoft.EntityFrameworkCore.Infrastructure|Entity Framework Core 2.1.14-servicing-32113 initialized 'LeaseManagementDbContext' using provider 'Microsoft.EntityFrameworkCore.SqlServer' with options: None 
2020-09-21 14:08:38.6241|20101|INFO|Microsoft.EntityFrameworkCore.Database.Command|Executed DbCommand (4ms) [Parameters=[@email='?' (Size = 25), @password='?' (Size = 44)], CommandType='Text', CommandTimeout='30']
sp_GetUserWithValidCredential @email, @password 
2020-09-21 14:08:38.6241|2|INFO|Microsoft.AspNetCore.Mvc.Internal.ControllerActionInvoker|Executed action method LeaseManagement.Authentication.Controllers.AuthController.Login (LeaseManagement.Authentication), returned result Microsoft.AspNetCore.Mvc.OkObjectResult in 26.0788ms. 
2020-09-21 14:08:38.6241|1|INFO|Microsoft.AspNetCore.Mvc.Infrastructure.ObjectResultExecutor|Executing ObjectResult, writing value of type '<>f__AnonymousType0`1[[System.String, System.Private.CoreLib, Version=4.0.0.0, Culture=neutral, PublicKeyToken=7cec85d7bea7798e]]'. 
2020-09-21 14:08:38.6241|2|INFO|Microsoft.AspNetCore.Mvc.Internal.ControllerActionInvoker|Executed action LeaseManagement.Authentication.Controllers.AuthController.Login (LeaseManagement.Authentication) in 36.4468ms 
2020-09-21 14:08:38.6453|2|INFO|Microsoft.AspNetCore.Hosting.Internal.WebHost|Request finished in 59.5179ms 200 application/json; charset=utf-8 
2020-09-21 14:10:13.3732||INFO|Microsoft.AspNetCore.DataProtection.KeyManagement.XmlKeyManager|User profile is available. Using 'C:\Users\bhavyaa.shah\AppData\Local\ASP.NET\DataProtection-Keys' as key repository and Windows DPAPI to encrypt keys at rest. 
2020-09-21 14:10:19.2200|1|INFO|Microsoft.AspNetCore.Hosting.Internal.WebHost|Request starting HTTP/1.1 DEBUG http://localhost:62228/  0 
2020-09-21 14:10:19.2200|1|INFO|Microsoft.AspNetCore.Hosting.Internal.WebHost|Request starting HTTP/1.1 GET http://localhost:44389/index.html   
2020-09-21 14:10:19.3033|2|INFO|Microsoft.AspNetCore.Hosting.Internal.WebHost|Request finished in 81.6188ms 200  
2020-09-21 14:10:20.5454|2|INFO|Microsoft.AspNetCore.Hosting.Internal.WebHost|Request finished in 1326.6466ms 200 text/html;charset=utf-8 
2020-09-21 14:10:21.2021|1|INFO|Microsoft.AspNetCore.Hosting.Internal.WebHost|Request starting HTTP/1.1 GET http://localhost:44389/swagger/v1/swagger.json   
2020-09-21 14:10:21.5706|2|INFO|Microsoft.AspNetCore.Hosting.Internal.WebHost|Request finished in 368.5228ms 200 application/json;charset=utf-8 
2020-09-21 14:12:04.5174|1|INFO|Microsoft.AspNetCore.Hosting.Internal.WebHost|Request starting HTTP/1.1 POST http://localhost:62228/api/auth/login application/json; charset=UTF-8 59 
2020-09-21 14:12:04.5561|2|INFO|Microsoft.AspNetCore.Hosting.Internal.WebHost|Request finished in 38.7491ms 307  
2020-09-21 14:12:04.5781|32|INFO|Microsoft.AspNetCore.Server.Kestrel|Connection id "0HM2U17S7A9SJ", Request id "0HM2U17S7A9SJ:00000001": the application completed without reading the entire request body. 
2020-09-21 14:12:04.6759|1|INFO|Microsoft.AspNetCore.Hosting.Internal.WebHost|Request starting HTTP/1.1 OPTIONS http://localhost:44389/api/auth/login   
2020-09-21 14:12:04.6759|4|INFO|Microsoft.AspNetCore.Cors.Infrastructure.CorsService|Policy execution successful. 
2020-09-21 14:12:04.6853|2|INFO|Microsoft.AspNetCore.Hosting.Internal.WebHost|Request finished in 9.3317ms 204  
2020-09-21 14:12:04.6853|1|INFO|Microsoft.AspNetCore.Hosting.Internal.WebHost|Request starting HTTP/1.1 POST http://localhost:44389/api/auth/login application/json; charset=UTF-8 59 
2020-09-21 14:12:04.6853|4|INFO|Microsoft.AspNetCore.Cors.Infrastructure.CorsService|Policy execution successful. 
2020-09-21 14:12:04.7795|3|INFO|Microsoft.AspNetCore.Mvc.Internal.ControllerActionInvoker|Route matched with {action = "Login", controller = "Auth"}. Executing controller action with signature System.Threading.Tasks.Task`1[Microsoft.AspNetCore.Mvc.IActionResult] Login(LeaseManagement.BusinessEntities.ViewModels.UserVM) on controller LeaseManagement.Authentication.Controllers.AuthController (LeaseManagement.Authentication). 
2020-09-21 14:12:05.2229|1|INFO|Microsoft.AspNetCore.Mvc.Internal.ControllerActionInvoker|Executing action method LeaseManagement.Authentication.Controllers.AuthController.Login (LeaseManagement.Authentication) - Validation state: Valid 
2020-09-21 14:12:06.0453|10403|INFO|Microsoft.EntityFrameworkCore.Infrastructure|Entity Framework Core 2.1.14-servicing-32113 initialized 'LeaseManagementDbContext' using provider 'Microsoft.EntityFrameworkCore.SqlServer' with options: None 
2020-09-21 14:12:06.1570|10103|WARN|Microsoft.EntityFrameworkCore.Query|Query: '(from UserVM <generated>_2 in DbSet<UserVM> select [<generated>_2]).FirstOrDefault()' uses First/FirstOrDefault/Last/LastOrDefault operation without OrderBy and filter which may lead to unpredictable results. 
2020-09-21 14:12:06.2225|20500|WARN|Microsoft.EntityFrameworkCore.Query|The LINQ expression 'FirstOrDefault()' could not be translated and will be evaluated locally. 
2020-09-21 14:12:06.5922|20101|INFO|Microsoft.EntityFrameworkCore.Database.Command|Executed DbCommand (23ms) [Parameters=[@email='?' (Size = 25), @password='?' (Size = 44)], CommandType='Text', CommandTimeout='30']
sp_GetUserWithValidCredential @email, @password 
2020-09-21 14:12:06.9273|2|INFO|Microsoft.AspNetCore.Mvc.Internal.ControllerActionInvoker|Executed action method LeaseManagement.Authentication.Controllers.AuthController.Login (LeaseManagement.Authentication), returned result Microsoft.AspNetCore.Mvc.OkObjectResult in 1697.346ms. 
2020-09-21 14:12:06.9509|1|INFO|Microsoft.AspNetCore.Mvc.Infrastructure.ObjectResultExecutor|Executing ObjectResult, writing value of type '<>f__AnonymousType0`1[[System.String, System.Private.CoreLib, Version=4.0.0.0, Culture=neutral, PublicKeyToken=7cec85d7bea7798e]]'. 
2020-09-21 14:12:06.9930|2|INFO|Microsoft.AspNetCore.Mvc.Internal.ControllerActionInvoker|Executed action LeaseManagement.Authentication.Controllers.AuthController.Login (LeaseManagement.Authentication) in 2197.2789ms 
2020-09-21 14:12:07.0057|2|INFO|Microsoft.AspNetCore.Hosting.Internal.WebHost|Request finished in 2311.3273ms 200 application/json; charset=utf-8 
2020-09-21 14:13:22.7791|1|INFO|Microsoft.AspNetCore.Hosting.Internal.WebHost|Request starting HTTP/1.1 POST http://localhost:62228/api/auth/login application/json; charset=UTF-8 59 
2020-09-21 14:13:22.7990|2|INFO|Microsoft.AspNetCore.Hosting.Internal.WebHost|Request finished in 19.8628ms 307  
2020-09-21 14:13:22.7990|32|INFO|Microsoft.AspNetCore.Server.Kestrel|Connection id "0HM2U17S7A9SK", Request id "0HM2U17S7A9SK:00000001": the application completed without reading the entire request body. 
2020-09-21 14:13:22.8545|1|INFO|Microsoft.AspNetCore.Hosting.Internal.WebHost|Request starting HTTP/1.1 OPTIONS http://localhost:44389/api/auth/login   
2020-09-21 14:13:22.8582|4|INFO|Microsoft.AspNetCore.Cors.Infrastructure.CorsService|Policy execution successful. 
2020-09-21 14:13:22.8582|2|INFO|Microsoft.AspNetCore.Hosting.Internal.WebHost|Request finished in 6.7191ms 204  
2020-09-21 14:13:22.8582|1|INFO|Microsoft.AspNetCore.Hosting.Internal.WebHost|Request starting HTTP/1.1 POST http://localhost:44389/api/auth/login application/json; charset=UTF-8 59 
2020-09-21 14:13:22.8582|4|INFO|Microsoft.AspNetCore.Cors.Infrastructure.CorsService|Policy execution successful. 
2020-09-21 14:13:22.8746|3|INFO|Microsoft.AspNetCore.Mvc.Internal.ControllerActionInvoker|Route matched with {action = "Login", controller = "Auth"}. Executing controller action with signature System.Threading.Tasks.Task`1[Microsoft.AspNetCore.Mvc.IActionResult] Login(LeaseManagement.BusinessEntities.ViewModels.UserVM) on controller LeaseManagement.Authentication.Controllers.AuthController (LeaseManagement.Authentication). 
2020-09-21 14:13:22.8746|1|INFO|Microsoft.AspNetCore.Mvc.Internal.ControllerActionInvoker|Executing action method LeaseManagement.Authentication.Controllers.AuthController.Login (LeaseManagement.Authentication) - Validation state: Valid 
2020-09-21 14:13:22.8887|10403|INFO|Microsoft.EntityFrameworkCore.Infrastructure|Entity Framework Core 2.1.14-servicing-32113 initialized 'LeaseManagementDbContext' using provider 'Microsoft.EntityFrameworkCore.SqlServer' with options: None 
2020-09-21 14:13:22.9433|20101|INFO|Microsoft.EntityFrameworkCore.Database.Command|Executed DbCommand (11ms) [Parameters=[@email='?' (Size = 25), @password='?' (Size = 44)], CommandType='Text', CommandTimeout='30']
sp_GetUserWithValidCredential @email, @password 
2020-09-21 14:13:22.9433|2|INFO|Microsoft.AspNetCore.Mvc.Internal.ControllerActionInvoker|Executed action method LeaseManagement.Authentication.Controllers.AuthController.Login (LeaseManagement.Authentication), returned result Microsoft.AspNetCore.Mvc.OkObjectResult in 65.2675ms. 
2020-09-21 14:13:22.9433|1|INFO|Microsoft.AspNetCore.Mvc.Infrastructure.ObjectResultExecutor|Executing ObjectResult, writing value of type '<>f__AnonymousType0`1[[System.String, System.Private.CoreLib, Version=4.0.0.0, Culture=neutral, PublicKeyToken=7cec85d7bea7798e]]'. 
2020-09-21 14:13:22.9572|2|INFO|Microsoft.AspNetCore.Mvc.Internal.ControllerActionInvoker|Executed action LeaseManagement.Authentication.Controllers.AuthController.Login (LeaseManagement.Authentication) in 79.4912ms 
2020-09-21 14:13:22.9572|2|INFO|Microsoft.AspNetCore.Hosting.Internal.WebHost|Request finished in 95.8601ms 200 application/json; charset=utf-8 
2020-09-21 14:14:35.7186|1|INFO|Microsoft.AspNetCore.Hosting.Internal.WebHost|Request starting HTTP/1.1 POST http://localhost:62228/api/auth/login application/json; charset=UTF-8 59 
2020-09-21 14:14:35.7336|2|INFO|Microsoft.AspNetCore.Hosting.Internal.WebHost|Request finished in 20.5083ms 307  
2020-09-21 14:14:35.7336|32|INFO|Microsoft.AspNetCore.Server.Kestrel|Connection id "0HM2U17S7A9SL", Request id "0HM2U17S7A9SL:00000001": the application completed without reading the entire request body. 
2020-09-21 14:14:35.7788|1|INFO|Microsoft.AspNetCore.Hosting.Internal.WebHost|Request starting HTTP/1.1 OPTIONS http://localhost:44389/api/auth/login   
2020-09-21 14:14:35.7788|4|INFO|Microsoft.AspNetCore.Cors.Infrastructure.CorsService|Policy execution successful. 
2020-09-21 14:14:35.7788|2|INFO|Microsoft.AspNetCore.Hosting.Internal.WebHost|Request finished in 6.3885ms 204  
2020-09-21 14:14:35.7964|1|INFO|Microsoft.AspNetCore.Hosting.Internal.WebHost|Request starting HTTP/1.1 POST http://localhost:44389/api/auth/login application/json; charset=UTF-8 59 
2020-09-21 14:14:35.7964|4|INFO|Microsoft.AspNetCore.Cors.Infrastructure.CorsService|Policy execution successful. 
2020-09-21 14:14:35.7964|3|INFO|Microsoft.AspNetCore.Mvc.Internal.ControllerActionInvoker|Route matched with {action = "Login", controller = "Auth"}. Executing controller action with signature System.Threading.Tasks.Task`1[Microsoft.AspNetCore.Mvc.IActionResult] Login(LeaseManagement.BusinessEntities.ViewModels.UserVM) on controller LeaseManagement.Authentication.Controllers.AuthController (LeaseManagement.Authentication). 
2020-09-21 14:14:35.8094|1|INFO|Microsoft.AspNetCore.Mvc.Internal.ControllerActionInvoker|Executing action method LeaseManagement.Authentication.Controllers.AuthController.Login (LeaseManagement.Authentication) - Validation state: Valid 
2020-09-21 14:14:35.8094|10403|INFO|Microsoft.EntityFrameworkCore.Infrastructure|Entity Framework Core 2.1.14-servicing-32113 initialized 'LeaseManagementDbContext' using provider 'Microsoft.EntityFrameworkCore.SqlServer' with options: None 
2020-09-21 14:14:35.8290|20101|INFO|Microsoft.EntityFrameworkCore.Database.Command|Executed DbCommand (5ms) [Parameters=[@email='?' (Size = 25), @password='?' (Size = 44)], CommandType='Text', CommandTimeout='30']
sp_GetUserWithValidCredential @email, @password 
2020-09-21 14:14:35.8290|2|INFO|Microsoft.AspNetCore.Mvc.Internal.ControllerActionInvoker|Executed action method LeaseManagement.Authentication.Controllers.AuthController.Login (LeaseManagement.Authentication), returned result Microsoft.AspNetCore.Mvc.OkObjectResult in 20.2362ms. 
2020-09-21 14:14:35.8290|1|INFO|Microsoft.AspNetCore.Mvc.Infrastructure.ObjectResultExecutor|Executing ObjectResult, writing value of type '<>f__AnonymousType0`1[[System.String, System.Private.CoreLib, Version=4.0.0.0, Culture=neutral, PublicKeyToken=7cec85d7bea7798e]]'. 
2020-09-21 14:14:35.8419|2|INFO|Microsoft.AspNetCore.Mvc.Internal.ControllerActionInvoker|Executed action LeaseManagement.Authentication.Controllers.AuthController.Login (LeaseManagement.Authentication) in 33.2527ms 
2020-09-21 14:14:35.8419|2|INFO|Microsoft.AspNetCore.Hosting.Internal.WebHost|Request finished in 48.7118ms 200 application/json; charset=utf-8 
