2020-09-25 14:32:24.5047||INFO|Microsoft.AspNetCore.DataProtection.KeyManagement.XmlKeyManager|User profile is available. Using 'C:\Users\bhavyaa.shah\AppData\Local\ASP.NET\DataProtection-Keys' as key repository and Windows DPAPI to encrypt keys at rest. 
2020-09-25 14:32:28.7901|1|INFO|Microsoft.AspNetCore.Hosting.Internal.WebHost|Request starting HTTP/1.1 GET http://localhost:44389/   
2020-09-25 14:32:28.7901|1|INFO|Microsoft.AspNetCore.Hosting.Internal.WebHost|Request starting HTTP/1.1 DEBUG http://localhost:62228/  0 
2020-09-25 14:32:29.3219|2|INFO|Microsoft.AspNetCore.Hosting.Internal.WebHost|Request finished in 532.0978ms 200  
2020-09-25 14:32:31.2560|2|INFO|Microsoft.AspNetCore.Hosting.Internal.WebHost|Request finished in 2466.5157ms 301  
2020-09-25 14:32:31.2838|1|INFO|Microsoft.AspNetCore.Hosting.Internal.WebHost|Request starting HTTP/1.1 GET http://localhost:44389/index.html   
2020-09-25 14:32:31.8950|2|INFO|Microsoft.AspNetCore.Hosting.Internal.WebHost|Request finished in 611.2345ms 200 text/html;charset=utf-8 
2020-09-25 14:32:32.1096|1|INFO|Microsoft.AspNetCore.Hosting.Internal.WebHost|Request starting HTTP/1.1 GET http://localhost:44389/swagger-ui-standalone-preset.js   
2020-09-25 14:32:32.1096|1|INFO|Microsoft.AspNetCore.Hosting.Internal.WebHost|Request starting HTTP/1.1 GET http://localhost:44389/swagger-ui-bundle.js   
2020-09-25 14:32:32.1096|1|INFO|Microsoft.AspNetCore.Hosting.Internal.WebHost|Request starting HTTP/1.1 GET http://localhost:44389/swagger-ui.css   
2020-09-25 14:32:32.5352|2|INFO|Microsoft.AspNetCore.StaticFiles.StaticFileMiddleware|Sending file. Request path: '/swagger-ui.css'. Physical path: 'N/A' 
2020-09-25 14:32:32.6253|2|INFO|Microsoft.AspNetCore.StaticFiles.StaticFileMiddleware|Sending file. Request path: '/swagger-ui-standalone-preset.js'. Physical path: 'N/A' 
2020-09-25 14:32:32.7444|2|INFO|Microsoft.AspNetCore.StaticFiles.StaticFileMiddleware|Sending file. Request path: '/swagger-ui-bundle.js'. Physical path: 'N/A' 
2020-09-25 14:32:32.7586|2|INFO|Microsoft.AspNetCore.Hosting.Internal.WebHost|Request finished in 647.0675ms 200 application/javascript 
2020-09-25 14:32:32.7586|2|INFO|Microsoft.AspNetCore.Hosting.Internal.WebHost|Request finished in 649.0515ms 200 application/javascript 
2020-09-25 14:32:32.7586|2|INFO|Microsoft.AspNetCore.Hosting.Internal.WebHost|Request finished in 646.4204ms 200 text/css 
2020-09-25 14:32:33.8225|1|INFO|Microsoft.AspNetCore.Hosting.Internal.WebHost|Request starting HTTP/1.1 GET http://localhost:44389/swagger/v1/swagger.json   
2020-09-25 14:32:34.0278|1|INFO|Microsoft.AspNetCore.Hosting.Internal.WebHost|Request starting HTTP/1.1 GET http://localhost:44389/favicon-32x32.png   
2020-09-25 14:32:34.0427|2|INFO|Microsoft.AspNetCore.StaticFiles.StaticFileMiddleware|Sending file. Request path: '/favicon-32x32.png'. Physical path: 'N/A' 
2020-09-25 14:32:34.0545|2|INFO|Microsoft.AspNetCore.Hosting.Internal.WebHost|Request finished in 26.6927ms 200 image/png 
2020-09-25 14:32:34.4022|2|INFO|Microsoft.AspNetCore.Hosting.Internal.WebHost|Request finished in 579.762ms 200 application/json;charset=utf-8 
2020-09-25 15:20:59.3859|1|INFO|Microsoft.AspNetCore.Hosting.Internal.WebHost|Request starting HTTP/1.1 POST http://localhost:62228/api/auth/login application/json; charset=UTF-8 59 
2020-09-25 15:20:59.4216|2|INFO|Microsoft.AspNetCore.Hosting.Internal.WebHost|Request finished in 36.0962ms 307  
2020-09-25 15:20:59.4545|32|INFO|Microsoft.AspNetCore.Server.Kestrel|Connection id "0HM3166T7G8TS", Request id "0HM3166T7G8TS:00000001": the application completed without reading the entire request body. 
2020-09-25 15:20:59.5301|1|INFO|Microsoft.AspNetCore.Hosting.Internal.WebHost|Request starting HTTP/1.1 OPTIONS http://localhost:44389/api/auth/login   
2020-09-25 15:20:59.5301|4|INFO|Microsoft.AspNetCore.Cors.Infrastructure.CorsService|Policy execution successful. 
2020-09-25 15:20:59.5301|2|INFO|Microsoft.AspNetCore.Hosting.Internal.WebHost|Request finished in 11.9168ms 204  
2020-09-25 15:20:59.5481|1|INFO|Microsoft.AspNetCore.Hosting.Internal.WebHost|Request starting HTTP/1.1 POST http://localhost:44389/api/auth/login application/json; charset=UTF-8 59 
2020-09-25 15:20:59.5481|4|INFO|Microsoft.AspNetCore.Cors.Infrastructure.CorsService|Policy execution successful. 
2020-09-25 15:20:59.6560|3|INFO|Microsoft.AspNetCore.Mvc.Internal.ControllerActionInvoker|Route matched with {action = "Login", controller = "Auth"}. Executing controller action with signature System.Threading.Tasks.Task`1[Microsoft.AspNetCore.Mvc.IActionResult] Login(LeaseManagement.BusinessEntities.ViewModels.UserVM) on controller LeaseManagement.Authentication.Controllers.AuthController (LeaseManagement.Authentication). 
2020-09-25 15:21:00.3726|1|INFO|Microsoft.AspNetCore.Mvc.Internal.ControllerActionInvoker|Executing action method LeaseManagement.Authentication.Controllers.AuthController.Login (LeaseManagement.Authentication) - Validation state: Valid 
2020-09-25 15:21:01.5671|10403|INFO|Microsoft.EntityFrameworkCore.Infrastructure|Entity Framework Core 2.1.14-servicing-32113 initialized 'LeaseManagementDbContext' using provider 'Microsoft.EntityFrameworkCore.SqlServer' with options: None 
2020-09-25 15:21:01.7710|10103|WARN|Microsoft.EntityFrameworkCore.Query|Query: '(from UserVM <generated>_2 in DbSet<UserVM> select [<generated>_2]).FirstOrDefault()' uses First/FirstOrDefault/Last/LastOrDefault operation without OrderBy and filter which may lead to unpredictable results. 
2020-09-25 15:21:01.8896|20500|WARN|Microsoft.EntityFrameworkCore.Query|The LINQ expression 'FirstOrDefault()' could not be translated and will be evaluated locally. 
2020-09-25 15:21:03.2821|20101|INFO|Microsoft.EntityFrameworkCore.Database.Command|Executed DbCommand (181ms) [Parameters=[@email='?' (Size = 25), @password='?' (Size = 44)], CommandType='Text', CommandTimeout='30']
sp_GetUserWithValidCredential @email, @password 
2020-09-25 15:21:03.6611|2|INFO|Microsoft.AspNetCore.Mvc.Internal.ControllerActionInvoker|Executed action method LeaseManagement.Authentication.Controllers.AuthController.Login (LeaseManagement.Authentication), returned result Microsoft.AspNetCore.Mvc.OkObjectResult in 3281.9035ms. 
2020-09-25 15:21:03.7040|1|INFO|Microsoft.AspNetCore.Mvc.Infrastructure.ObjectResultExecutor|Executing ObjectResult, writing value of type '<>f__AnonymousType0`1[[System.String, System.Private.CoreLib, Version=4.0.0.0, Culture=neutral, PublicKeyToken=7cec85d7bea7798e]]'. 
2020-09-25 15:21:03.7360|2|INFO|Microsoft.AspNetCore.Mvc.Internal.ControllerActionInvoker|Executed action LeaseManagement.Authentication.Controllers.AuthController.Login (LeaseManagement.Authentication) in 4075.4444ms 
2020-09-25 15:21:03.7360|2|INFO|Microsoft.AspNetCore.Hosting.Internal.WebHost|Request finished in 4191.089ms 200 application/json; charset=utf-8 
